<?xml version="1.0" encoding="UTF-8"?>
<testng-results ignored="0" total="1" passed="0" failed="0" skipped="1">
  <reporter-output>
    <line>
      <![CDATA[Open Browser]]>
    </line>
    <line>
      <![CDATA[Login]]>
    </line>
    <line>
      <![CDATA[Close Browser]]>
    </line>
  </reporter-output>
  <suite started-at="2023-04-06T16:15:02 IST" name="Default suite" finished-at="2023-04-06T16:15:06 IST" duration-ms="4196">
    <groups>
    </groups>
    <test started-at="2023-04-06T16:15:02 IST" name="Default test" finished-at="2023-04-06T16:15:06 IST" duration-ms="4196">
      <class name="com.actitime.testscript.TaskModule">
        <test-method is-config="true" signature="OpenBrowser()[pri:0, instance:com.actitime.testscript.TaskModule@72f926e6]" started-at="2023-04-06T16:15:02 IST" name="OpenBrowser" finished-at="2023-04-06T16:15:05 IST" duration-ms="3246" status="PASS">
          <reporter-output>
            <line>
              <![CDATA[Open Browser]]>
            </line>
          </reporter-output>
        </test-method> <!-- OpenBrowser -->
        <test-method is-config="true" signature="Login()[pri:0, instance:com.actitime.testscript.TaskModule@72f926e6]" started-at="2023-04-06T16:15:05 IST" name="Login" finished-at="2023-04-06T16:15:06 IST" duration-ms="504" status="FAIL">
          <exception class="java.lang.StackOverflowError">
            <full-stacktrace>
              <![CDATA[java.lang.StackOverflowError
at java.base/java.io.FileInputStream.open(FileInputStream.java:217)
at java.base/java.io.FileInputStream.<init>(FileInputStream.java:158)
at java.base/java.io.FileInputStream.<init>(FileInputStream.java:112)
at com.actitime.generic.FileLib.getpropertyData(FileLib.java:9)
at com.actitime.generic.FileLib.getpropertyData(FileLib.java:12)
at com.actitime.generic.FileLib.getpropertyData(FileLib.java:12)
at com.actitime.generic.FileLib.getpropertyData(FileLib.java:12)
at com.actitime.generic.FileLib.getpropertyData(FileLib.java:12)
at com.actitime.generic.FileLib.getpropertyData(FileLib.java:12)
at com.actitime.generic.FileLib.getpropertyData(FileLib.java:12)
at com.actitime.generic.FileLib.getpropertyData(FileLib.java:12)
at com.actitime.generic.FileLib.getpropertyData(FileLib.java:12)
at com.actitime.generic.FileLib.getpropertyData(FileLib.java:12)
at com.actitime.generic.FileLib.getpropertyData(FileLib.java:12)
at com.actitime.generic.FileLib.getpropertyData(FileLib.java:12)
at com.actitime.generic.FileLib.getpropertyData(FileLib.java:12)
at com.actitime.generic.FileLib.getpropertyData(FileLib.java:12)
at com.actitime.generic.FileLib.getpropertyData(FileLib.java:12)
at com.actitime.generic.FileLib.getpropertyData(FileLib.java:12)
at com.actitime.generic.FileLib.getpropertyData(FileLib.java:12)
at com.actitime.generic.FileLib.getpropertyData(FileLib.java:12)
at com.actitime.generic.FileLib.getpropertyData(FileLib.java:12)
at com.actitime.generic.FileLib.getpropertyData(FileLib.java:12)
at com.actitime.generic.FileLib.getpropertyData(FileLib.java:12)
at com.actitime.generic.FileLib.getpropertyData(FileLib.java:12)
at com.actitime.generic.FileLib.getpropertyData(FileLib.java:12)
at com.actitime.generic.FileLib.getpropertyData(FileLib.java:12)
at com.actitime.generic.FileLib.getpropertyData(FileLib.java:12)
at com.actitime.generic.FileLib.getpropertyData(FileLib.java:12)
at com.actitime.generic.FileLib.getpropertyData(FileLib.java:12)
at com.actitime.generic.FileLib.getpropertyData(FileLib.java:12)
at com.actitime.generic.FileLib.getpropertyData(FileLib.java:12)
at com.actitime.generic.FileLib.getpropertyData(FileLib.java:12)
at com.actitime.generic.FileLib.getpropertyData(FileLib.java:12)
at com.actitime.generic.FileLib.getpropertyData(FileLib.java:12)
at com.actitime.generic.FileLib.getpropertyData(FileLib.java:12)
at com.actitime.generic.FileLib.getpropertyData(FileLib.java:12)
at com.actitime.generic.FileLib.getpropertyData(FileLib.java:12)
at com.actitime.generic.FileLib.getpropertyData(FileLib.java:12)
at com.actitime.generic.FileLib.getpropertyData(FileLib.java:12)
at com.actitime.generic.FileLib.getpropertyData(FileLib.java:12)
at com.actitime.generic.FileLib.getpropertyData(FileLib.java:12)
at com.actitime.generic.FileLib.getpropertyData(FileLib.java:12)
at com.actitime.generic.FileLib.getpropertyData(FileLib.java:12)
at com.actitime.generic.FileLib.getpropertyData(FileLib.java:12)
at com.actitime.generic.FileLib.getpropertyData(FileLib.java:12)
at com.actitime.generic.FileLib.getpropertyData(FileLib.java:12)
at com.actitime.generic.FileLib.getpropertyData(FileLib.java:12)
at com.actitime.generic.FileLib.getpropertyData(FileLib.java:12)
at com.actitime.generic.FileLib.getpropertyData(FileLib.java:12)
at com.actitime.generic.FileLib.getpropertyData(FileLib.java:12)
at com.actitime.generic.FileLib.getpropertyData(FileLib.java:12)
at com.actitime.generic.FileLib.getpropertyData(FileLib.java:12)
at com.actitime.generic.FileLib.getpropertyData(FileLib.java:12)
at com.actitime.generic.FileLib.getpropertyData(FileLib.java:12)
at com.actitime.generic.FileLib.getpropertyData(FileLib.java:12)
at com.actitime.generic.FileLib.getpropertyData(FileLib.java:12)
at com.actitime.generic.FileLib.getpropertyData(FileLib.java:12)
at com.actitime.generic.FileLib.getpropertyData(FileLib.java:12)
at com.actitime.generic.FileLib.getpropertyData(FileLib.java:12)
at com.actitime.generic.FileLib.getpropertyData(FileLib.java:12)
at com.actitime.generic.FileLib.getpropertyData(FileLib.java:12)
at com.actitime.generic.FileLib.getpropertyData(FileLib.java:12)
at com.actitime.generic.FileLib.getpropertyData(FileLib.java:12)
at com.actitime.generic.FileLib.getpropertyData(FileLib.java:12)
at com.actitime.generic.FileLib.getpropertyData(FileLib.java:12)
at com.actitime.generic.FileLib.getpropertyData(FileLib.java:12)
at com.actitime.generic.FileLib.getpropertyData(FileLib.java:12)
at com.actitime.generic.FileLib.getpropertyData(FileLib.java:12)
at com.actitime.generic.FileLib.getpropertyData(FileLib.java:12)
at com.actitime.generic.FileLib.getpropertyData(FileLib.java:12)
at com.actitime.generic.FileLib.getpropertyData(FileLib.java:12)
at com.actitime.generic.FileLib.getpropertyData(FileLib.java:12)
at com.actitime.generic.FileLib.getpropertyData(FileLib.java:12)
at com.actitime.generic.FileLib.getpropertyData(FileLib.java:12)
at com.actitime.generic.FileLib.getpropertyData(FileLib.java:12)
at com.actitime.generic.FileLib.getpropertyData(FileLib.java:12)
at com.actitime.generic.FileLib.getpropertyData(FileLib.java:12)
at com.actitime.generic.FileLib.getpropertyData(FileLib.java:12)
at com.actitime.generic.FileLib.getpropertyData(FileLib.java:12)
at com.actitime.generic.FileLib.getpropertyData(FileLib.java:12)
at com.actitime.generic.FileLib.getpropertyData(FileLib.java:12)
at com.actitime.generic.FileLib.getpropertyData(FileLib.java:12)
at com.actitime.generic.FileLib.getpropertyData(FileLib.java:12)
at com.actitime.generic.FileLib.getpropertyData(FileLib.java:12)
at com.actitime.generic.FileLib.getpropertyData(FileLib.java:12)
at com.actitime.generic.FileLib.getpropertyData(FileLib.java:12)
at com.actitime.generic.FileLib.getpropertyData(FileLib.java:12)
at com.actitime.generic.FileLib.getpropertyData(FileLib.java:12)
at com.actitime.generic.FileLib.getpropertyData(FileLib.java:12)
at com.actitime.generic.FileLib.getpropertyData(FileLib.java:12)
at com.actitime.generic.FileLib.getpropertyData(FileLib.java:12)
at com.actitime.generic.FileLib.getpropertyData(FileLib.java:12)
at com.actitime.generic.FileLib.getpropertyData(FileLib.java:12)
at com.actitime.generic.FileLib.getpropertyData(FileLib.java:12)
at com.actitime.generic.FileLib.getpropertyData(FileLib.java:12)
at com.actitime.generic.FileLib.getpropertyData(FileLib.java:12)
at com.actitime.generic.FileLib.getpropertyData(FileLib.java:12)
at com.actitime.generic.FileLib.getpropertyData(FileLib.java:12)
at com.actitime.generic.FileLib.getpropertyData(FileLib.java:12)
at com.actitime.generic.FileLib.getpropertyData(FileLib.java:12)
at com.actitime.generic.FileLib.getpropertyData(FileLib.java:12)
at com.actitime.generic.FileLib.getpropertyData(FileLib.java:12)
at com.actitime.generic.FileLib.getpropertyData(FileLib.java:12)
at com.actitime.generic.FileLib.getpropertyData(FileLib.java:12)
at com.actitime.generic.FileLib.getpropertyData(FileLib.java:12)
at com.actitime.generic.FileLib.getpropertyData(FileLib.java:12)
at com.actitime.generic.FileLib.getpropertyData(FileLib.java:12)
at com.actitime.generic.FileLib.getpropertyData(FileLib.java:12)
at com.actitime.generic.FileLib.getpropertyData(FileLib.java:12)
at com.actitime.generic.FileLib.getpropertyData(FileLib.java:12)
at com.actitime.generic.FileLib.getpropertyData(FileLib.java:12)
at com.actitime.generic.FileLib.getpropertyData(FileLib.java:12)
at com.actitime.generic.FileLib.getpropertyData(FileLib.java:12)
at com.actitime.generic.FileLib.getpropertyData(FileLib.java:12)
at com.actitime.generic.FileLib.getpropertyData(FileLib.java:12)
at com.actitime.generic.FileLib.getpropertyData(FileLib.java:12)
at com.actitime.generic.FileLib.getpropertyData(FileLib.java:12)
at com.actitime.generic.FileLib.getpropertyData(FileLib.java:12)
at com.actitime.generic.FileLib.getpropertyData(FileLib.java:12)
at com.actitime.generic.FileLib.getpropertyData(FileLib.java:12)
at com.actitime.generic.FileLib.getpropertyData(FileLib.java:12)
at com.actitime.generic.FileLib.getpropertyData(FileLib.java:12)
at com.actitime.generic.FileLib.getpropertyData(FileLib.java:12)
at com.actitime.generic.FileLib.getpropertyData(FileLib.java:12)
at com.actitime.generic.FileLib.getpropertyData(FileLib.java:12)
at com.actitime.generic.FileLib.getpropertyData(FileLib.java:12)
at com.actitime.generic.FileLib.getpropertyData(FileLib.java:12)
at com.actitime.generic.FileLib.getpropertyData(FileLib.java:12)
at com.actitime.generic.FileLib.getpropertyData(FileLib.java:12)
at com.actitime.generic.FileLib.getpropertyData(FileLib.java:12)
at com.actitime.generic.FileLib.getpropertyData(FileLib.java:12)
at com.actitime.generic.FileLib.getpropertyData(FileLib.java:12)
at com.actitime.generic.FileLib.getpropertyData(FileLib.java:12)
at com.actitime.generic.FileLib.getpropertyData(FileLib.java:12)
at com.actitime.generic.FileLib.getpropertyData(FileLib.java:12)
at com.actitime.generic.FileLib.getpropertyData(FileLib.java:12)
at com.actitime.generic.FileLib.getpropertyData(FileLib.java:12)
at com.actitime.generic.FileLib.getpropertyData(FileLib.java:12)
at com.actitime.generic.FileLib.getpropertyData(FileLib.java:12)
at com.actitime.generic.FileLib.getpropertyData(FileLib.java:12)
at com.actitime.generic.FileLib.getpropertyData(FileLib.java:12)
at com.actitime.generic.FileLib.getpropertyData(FileLib.java:12)
at com.actitime.generic.FileLib.getpropertyData(FileLib.java:12)
at com.actitime.generic.FileLib.getpropertyData(FileLib.java:12)
at com.actitime.generic.FileLib.getpropertyData(FileLib.java:12)
at com.actitime.generic.FileLib.getpropertyData(FileLib.java:12)
at com.actitime.generic.FileLib.getpropertyData(FileLib.java:12)
at com.actitime.generic.FileLib.getpropertyData(FileLib.java:12)
at com.actitime.generic.FileLib.getpropertyData(FileLib.java:12)
at com.actitime.generic.FileLib.getpropertyData(FileLib.java:12)
at com.actitime.generic.FileLib.getpropertyData(FileLib.java:12)
at com.actitime.generic.FileLib.getpropertyData(FileLib.java:12)
at com.actitime.generic.FileLib.getpropertyData(FileLib.java:12)
at com.actitime.generic.FileLib.getpropertyData(FileLib.java:12)
at com.actitime.generic.FileLib.getpropertyData(FileLib.java:12)
at com.actitime.generic.FileLib.getpropertyData(FileLib.java:12)
at com.actitime.generic.FileLib.getpropertyData(FileLib.java:12)
at com.actitime.generic.FileLib.getpropertyData(FileLib.java:12)
at com.actitime.generic.FileLib.getpropertyData(FileLib.java:12)
at com.actitime.generic.FileLib.getpropertyData(FileLib.java:12)
at com.actitime.generic.FileLib.getpropertyData(FileLib.java:12)
at com.actitime.generic.FileLib.getpropertyData(FileLib.java:12)
at com.actitime.generic.FileLib.getpropertyData(FileLib.java:12)
at com.actitime.generic.FileLib.getpropertyData(FileLib.java:12)
at com.actitime.generic.FileLib.getpropertyData(FileLib.java:12)
at com.actitime.generic.FileLib.getpropertyData(FileLib.java:12)
at com.actitime.generic.FileLib.getpropertyData(FileLib.java:12)
at com.actitime.generic.FileLib.getpropertyData(FileLib.java:12)
at com.actitime.generic.FileLib.getpropertyData(FileLib.java:12)
at com.actitime.generic.FileLib.getpropertyData(FileLib.java:12)
at com.actitime.generic.FileLib.getpropertyData(FileLib.java:12)
at com.actitime.generic.FileLib.getpropertyData(FileLib.java:12)
at com.actitime.generic.FileLib.getpropertyData(FileLib.java:12)
at com.actitime.generic.FileLib.getpropertyData(FileLib.java:12)
at com.actitime.generic.FileLib.getpropertyData(FileLib.java:12)
at com.actitime.generic.FileLib.getpropertyData(FileLib.java:12)
at com.actitime.generic.FileLib.getpropertyData(FileLib.java:12)
at com.actitime.generic.FileLib.getpropertyData(FileLib.java:12)
at com.actitime.generic.FileLib.getpropertyData(FileLib.java:12)
at com.actitime.generic.FileLib.getpropertyData(FileLib.java:12)
at com.actitime.generic.FileLib.getpropertyData(FileLib.java:12)
at com.actitime.generic.FileLib.getpropertyData(FileLib.java:12)
at com.actitime.generic.FileLib.getpropertyData(FileLib.java:12)
at com.actitime.generic.FileLib.getpropertyData(FileLib.java:12)
at com.actitime.generic.FileLib.getpropertyData(FileLib.java:12)
at com.actitime.generic.FileLib.getpropertyData(FileLib.java:12)
at com.actitime.generic.FileLib.getpropertyData(FileLib.java:12)
at com.actitime.generic.FileLib.getpropertyData(FileLib.java:12)
at com.actitime.generic.FileLib.getpropertyData(FileLib.java:12)
at com.actitime.generic.FileLib.getpropertyData(FileLib.java:12)
at com.actitime.generic.FileLib.getpropertyData(FileLib.java:12)
at com.actitime.generic.FileLib.getpropertyData(FileLib.java:12)
at com.actitime.generic.FileLib.getpropertyData(FileLib.java:12)
at com.actitime.generic.FileLib.getpropertyData(FileLib.java:12)
at com.actitime.generic.FileLib.getpropertyData(FileLib.java:12)
at com.actitime.generic.FileLib.getpropertyData(FileLib.java:12)
at com.actitime.generic.FileLib.getpropertyData(FileLib.java:12)
at com.actitime.generic.FileLib.getpropertyData(FileLib.java:12)
at com.actitime.generic.FileLib.getpropertyData(FileLib.java:12)
at com.actitime.generic.FileLib.getpropertyData(FileLib.java:12)
at com.actitime.generic.FileLib.getpropertyData(FileLib.java:12)
at com.actitime.generic.FileLib.getpropertyData(FileLib.java:12)
at com.actitime.generic.FileLib.getpropertyData(FileLib.java:12)
at com.actitime.generic.FileLib.getpropertyData(FileLib.java:12)
at com.actitime.generic.FileLib.getpropertyData(FileLib.java:12)
at com.actitime.generic.FileLib.getpropertyData(FileLib.java:12)
at com.actitime.generic.FileLib.getpropertyData(FileLib.java:12)
at com.actitime.generic.FileLib.getpropertyData(FileLib.java:12)
at com.actitime.generic.FileLib.getpropertyData(FileLib.java:12)
at com.actitime.generic.FileLib.getpropertyData(FileLib.java:12)
at com.actitime.generic.FileLib.getpropertyData(FileLib.java:12)
at com.actitime.generic.FileLib.getpropertyData(FileLib.java:12)
at com.actitime.generic.FileLib.getpropertyData(FileLib.java:12)
at com.actitime.generic.FileLib.getpropertyData(FileLib.java:12)
at com.actitime.generic.FileLib.getpropertyData(FileLib.java:12)
at com.actitime.generic.FileLib.getpropertyData(FileLib.java:12)
at com.actitime.generic.FileLib.getpropertyData(FileLib.java:12)
at com.actitime.generic.FileLib.getpropertyData(FileLib.java:12)
at com.actitime.generic.FileLib.getpropertyData(FileLib.java:12)
at com.actitime.generic.FileLib.getpropertyData(FileLib.java:12)
at com.actitime.generic.FileLib.getpropertyData(FileLib.java:12)
at com.actitime.generic.FileLib.getpropertyData(FileLib.java:12)
at com.actitime.generic.FileLib.getpropertyData(FileLib.java:12)
at com.actitime.generic.FileLib.getpropertyData(FileLib.java:12)
at com.actitime.generic.FileLib.getpropertyData(FileLib.java:12)
at com.actitime.generic.FileLib.getpropertyData(FileLib.java:12)
at com.actitime.generic.FileLib.getpropertyData(FileLib.java:12)
at com.actitime.generic.FileLib.getpropertyData(FileLib.java:12)
at com.actitime.generic.FileLib.getpropertyData(FileLib.java:12)
at com.actitime.generic.FileLib.getpropertyData(FileLib.java:12)
at com.actitime.generic.FileLib.getpropertyData(FileLib.java:12)
at com.actitime.generic.FileLib.getpropertyData(FileLib.java:12)
at com.actitime.generic.FileLib.getpropertyData(FileLib.java:12)
at com.actitime.generic.FileLib.getpropertyData(FileLib.java:12)
at com.actitime.generic.FileLib.getpropertyData(FileLib.java:12)
at com.actitime.generic.FileLib.getpropertyData(FileLib.java:12)
at com.actitime.generic.FileLib.getpropertyData(FileLib.java:12)
at com.actitime.generic.FileLib.getpropertyData(FileLib.java:12)
at com.actitime.generic.FileLib.getpropertyData(FileLib.java:12)
at com.actitime.generic.FileLib.getpropertyData(FileLib.java:12)
at com.actitime.generic.FileLib.getpropertyData(FileLib.java:12)
at com.actitime.generic.FileLib.getpropertyData(FileLib.java:12)
at com.actitime.generic.FileLib.getpropertyData(FileLib.java:12)
at com.actitime.generic.FileLib.getpropertyData(FileLib.java:12)
at com.actitime.generic.FileLib.getpropertyData(FileLib.java:12)
at com.actitime.generic.FileLib.getpropertyData(FileLib.java:12)
at com.actitime.generic.FileLib.getpropertyData(FileLib.java:12)
at com.actitime.generic.FileLib.getpropertyData(FileLib.java:12)
at com.actitime.generic.FileLib.getpropertyData(FileLib.java:12)
at com.actitime.generic.FileLib.getpropertyData(FileLib.java:12)
at com.actitime.generic.FileLib.getpropertyData(FileLib.java:12)
at com.actitime.generic.FileLib.getpropertyData(FileLib.java:12)
at com.actitime.generic.FileLib.getpropertyData(FileLib.java:12)
at com.actitime.generic.FileLib.getpropertyData(FileLib.java:12)
at com.actitime.generic.FileLib.getpropertyData(FileLib.java:12)
at com.actitime.generic.FileLib.getpropertyData(FileLib.java:12)
at com.actitime.generic.FileLib.getpropertyData(FileLib.java:12)
at com.actitime.generic.FileLib.getpropertyData(FileLib.java:12)
at com.actitime.generic.FileLib.getpropertyData(FileLib.java:12)
at com.actitime.generic.FileLib.getpropertyData(FileLib.java:12)
at com.actitime.generic.FileLib.getpropertyData(FileLib.java:12)
at com.actitime.generic.FileLib.getpropertyData(FileLib.java:12)
at com.actitime.generic.FileLib.getpropertyData(FileLib.java:12)
at com.actitime.generic.FileLib.getpropertyData(FileLib.java:12)
at com.actitime.generic.FileLib.getpropertyData(FileLib.java:12)
at com.actitime.generic.FileLib.getpropertyData(FileLib.java:12)
at com.actitime.generic.FileLib.getpropertyData(FileLib.java:12)
at com.actitime.generic.FileLib.getpropertyData(FileLib.java:12)
at com.actitime.generic.FileLib.getpropertyData(FileLib.java:12)
at com.actitime.generic.FileLib.getpropertyData(FileLib.java:12)
at com.actitime.generic.FileLib.getpropertyData(FileLib.java:12)
at com.actitime.generic.FileLib.getpropertyData(FileLib.java:12)
at com.actitime.generic.FileLib.getpropertyData(FileLib.java:12)
at com.actitime.generic.FileLib.getpropertyData(FileLib.java:12)
at com.actitime.generic.FileLib.getpropertyData(FileLib.java:12)
at com.actitime.generic.FileLib.getpropertyData(FileLib.java:12)
at com.actitime.generic.FileLib.getpropertyData(FileLib.java:12)
at com.actitime.generic.FileLib.getpropertyData(FileLib.java:12)
at com.actitime.generic.FileLib.getpropertyData(FileLib.java:12)
at com.actitime.generic.FileLib.getpropertyData(FileLib.java:12)
at com.actitime.generic.FileLib.getpropertyData(FileLib.java:12)
at com.actitime.generic.FileLib.getpropertyData(FileLib.java:12)
at com.actitime.generic.FileLib.getpropertyData(FileLib.java:12)
at com.actitime.generic.FileLib.getpropertyData(FileLib.java:12)
at com.actitime.generic.FileLib.getpropertyData(FileLib.java:12)
at com.actitime.generic.FileLib.getpropertyData(FileLib.java:12)
at com.actitime.generic.FileLib.getpropertyData(FileLib.java:12)
at com.actitime.generic.FileLib.getpropertyData(FileLib.java:12)
at com.actitime.generic.FileLib.getpropertyData(FileLib.java:12)
at com.actitime.generic.FileLib.getpropertyData(FileLib.java:12)
at com.actitime.generic.FileLib.getpropertyData(FileLib.java:12)
at com.actitime.generic.FileLib.getpropertyData(FileLib.java:12)
at com.actitime.generic.FileLib.getpropertyData(FileLib.java:12)
at com.actitime.generic.FileLib.getpropertyData(FileLib.java:12)
at com.actitime.generic.FileLib.getpropertyData(FileLib.java:12)
at com.actitime.generic.FileLib.getpropertyData(FileLib.java:12)
at com.actitime.generic.FileLib.getpropertyData(FileLib.java:12)
at com.actitime.generic.FileLib.getpropertyData(FileLib.java:12)
at com.actitime.generic.FileLib.getpropertyData(FileLib.java:12)
at com.actitime.generic.FileLib.getpropertyData(FileLib.java:12)
at com.actitime.generic.FileLib.getpropertyData(FileLib.java:12)
at com.actitime.generic.FileLib.getpropertyData(FileLib.java:12)
at com.actitime.generic.FileLib.getpropertyData(FileLib.java:12)
at com.actitime.generic.FileLib.getpropertyData(FileLib.java:12)
at com.actitime.generic.FileLib.getpropertyData(FileLib.java:12)
at com.actitime.generic.FileLib.getpropertyData(FileLib.java:12)
at com.actitime.generic.FileLib.getpropertyData(FileLib.java:12)
at com.actitime.generic.FileLib.getpropertyData(FileLib.java:12)
at com.actitime.generic.FileLib.getpropertyData(FileLib.java:12)
at com.actitime.generic.FileLib.getpropertyData(FileLib.java:12)
at com.actitime.generic.FileLib.getpropertyData(FileLib.java:12)
at com.actitime.generic.FileLib.getpropertyData(FileLib.java:12)
at com.actitime.generic.FileLib.getpropertyData(FileLib.java:12)
at com.actitime.generic.FileLib.getpropertyData(FileLib.java:12)
at com.actitime.generic.FileLib.getpropertyData(FileLib.java:12)
at com.actitime.generic.FileLib.getpropertyData(FileLib.java:12)
at com.actitime.generic.FileLib.getpropertyData(FileLib.java:12)
at com.actitime.generic.FileLib.getpropertyData(FileLib.java:12)
at com.actitime.generic.FileLib.getpropertyData(FileLib.java:12)
at com.actitime.generic.FileLib.getpropertyData(FileLib.java:12)
at com.actitime.generic.FileLib.getpropertyData(FileLib.java:12)
at com.actitime.generic.FileLib.getpropertyData(FileLib.java:12)
at com.actitime.generic.FileLib.getpropertyData(FileLib.java:12)
at com.actitime.generic.FileLib.getpropertyData(FileLib.java:12)
at com.actitime.generic.FileLib.getpropertyData(FileLib.java:12)
at com.actitime.generic.FileLib.getpropertyData(FileLib.java:12)
at com.actitime.generic.FileLib.getpropertyData(FileLib.java:12)
at com.actitime.generic.FileLib.getpropertyData(FileLib.java:12)
at com.actitime.generic.FileLib.getpropertyData(FileLib.java:12)
at com.actitime.generic.FileLib.getpropertyData(FileLib.java:12)
at com.actitime.generic.FileLib.getpropertyData(FileLib.java:12)
at com.actitime.generic.FileLib.getpropertyData(FileLib.java:12)
at com.actitime.generic.FileLib.getpropertyData(FileLib.java:12)
at com.actitime.generic.FileLib.getpropertyData(FileLib.java:12)
at com.actitime.generic.FileLib.getpropertyData(FileLib.java:12)
at com.actitime.generic.FileLib.getpropertyData(FileLib.java:12)
at com.actitime.generic.FileLib.getpropertyData(FileLib.java:12)
at com.actitime.generic.FileLib.getpropertyData(FileLib.java:12)
at com.actitime.generic.FileLib.getpropertyData(FileLib.java:12)
at com.actitime.generic.FileLib.getpropertyData(FileLib.java:12)
at com.actitime.generic.FileLib.getpropertyData(FileLib.java:12)
at com.actitime.generic.FileLib.getpropertyData(FileLib.java:12)
at com.actitime.generic.FileLib.getpropertyData(FileLib.java:12)
at com.actitime.generic.FileLib.getpropertyData(FileLib.java:12)
at com.actitime.generic.FileLib.getpropertyData(FileLib.java:12)
at com.actitime.generic.FileLib.getpropertyData(FileLib.java:12)
at com.actitime.generic.FileLib.getpropertyData(FileLib.java:12)
at com.actitime.generic.FileLib.getpropertyData(FileLib.java:12)
at com.actitime.generic.FileLib.getpropertyData(FileLib.java:12)
at com.actitime.generic.FileLib.getpropertyData(FileLib.java:12)
at com.actitime.generic.FileLib.getpropertyData(FileLib.java:12)
at com.actitime.generic.FileLib.getpropertyData(FileLib.java:12)
at com.actitime.generic.FileLib.getpropertyData(FileLib.java:12)
at com.actitime.generic.FileLib.getpropertyData(FileLib.java:12)
at com.actitime.generic.FileLib.getpropertyData(FileLib.java:12)
at com.actitime.generic.FileLib.getpropertyData(FileLib.java:12)
at com.actitime.generic.FileLib.getpropertyData(FileLib.java:12)
at com.actitime.generic.FileLib.getpropertyData(FileLib.java:12)
at com.actitime.generic.FileLib.getpropertyData(FileLib.java:12)
at com.actitime.generic.FileLib.getpropertyData(FileLib.java:12)
at com.actitime.generic.FileLib.getpropertyData(FileLib.java:12)
at com.actitime.generic.FileLib.getpropertyData(FileLib.java:12)
at com.actitime.generic.FileLib.getpropertyData(FileLib.java:12)
at com.actitime.generic.FileLib.getpropertyData(FileLib.java:12)
at com.actitime.generic.FileLib.getpropertyData(FileLib.java:12)
at com.actitime.generic.FileLib.getpropertyData(FileLib.java:12)
at com.actitime.generic.FileLib.getpropertyData(FileLib.java:12)
at com.actitime.generic.FileLib.getpropertyData(FileLib.java:12)
at com.actitime.generic.FileLib.getpropertyData(FileLib.java:12)
at com.actitime.generic.FileLib.getpropertyData(FileLib.java:12)
at com.actitime.generic.FileLib.getpropertyData(FileLib.java:12)
at com.actitime.generic.FileLib.getpropertyData(FileLib.java:12)
at com.actitime.generic.FileLib.getpropertyData(FileLib.java:12)
at com.actitime.generic.FileLib.getpropertyData(FileLib.java:12)
at com.actitime.generic.FileLib.getpropertyData(FileLib.java:12)
at com.actitime.generic.FileLib.getpropertyData(FileLib.java:12)
at com.actitime.generic.FileLib.getpropertyData(FileLib.java:12)
at com.actitime.generic.FileLib.getpropertyData(FileLib.java:12)
at com.actitime.generic.FileLib.getpropertyData(FileLib.java:12)
at com.actitime.generic.FileLib.getpropertyData(FileLib.java:12)
at com.actitime.generic.FileLib.getpropertyData(FileLib.java:12)
at com.actitime.generic.FileLib.getpropertyData(FileLib.java:12)
at com.actitime.generic.FileLib.getpropertyData(FileLib.java:12)
at com.actitime.generic.FileLib.getpropertyData(FileLib.java:12)
at com.actitime.generic.FileLib.getpropertyData(FileLib.java:12)
at com.actitime.generic.FileLib.getpropertyData(FileLib.java:12)
at com.actitime.generic.FileLib.getpropertyData(FileLib.java:12)
at com.actitime.generic.FileLib.getpropertyData(FileLib.java:12)
at com.actitime.generic.FileLib.getpropertyData(FileLib.java:12)
at com.actitime.generic.FileLib.getpropertyData(FileLib.java:12)
at com.actitime.generic.FileLib.getpropertyData(FileLib.java:12)
at com.actitime.generic.FileLib.getpropertyData(FileLib.java:12)
at com.actitime.generic.FileLib.getpropertyData(FileLib.java:12)
at com.actitime.generic.FileLib.getpropertyData(FileLib.java:12)
at com.actitime.generic.FileLib.getpropertyData(FileLib.java:12)
at com.actitime.generic.FileLib.getpropertyData(FileLib.java:12)
at com.actitime.generic.FileLib.getpropertyData(FileLib.java:12)
at com.actitime.generic.FileLib.getpropertyData(FileLib.java:12)
at com.actitime.generic.FileLib.getpropertyData(FileLib.java:12)
at com.actitime.generic.FileLib.getpropertyData(FileLib.java:12)
at com.actitime.generic.FileLib.getpropertyData(FileLib.java:12)
at com.actitime.generic.FileLib.getpropertyData(FileLib.java:12)
at com.actitime.generic.FileLib.getpropertyData(FileLib.java:12)
at com.actitime.generic.FileLib.getpropertyData(FileLib.java:12)
at com.actitime.generic.FileLib.getpropertyData(FileLib.java:12)
at com.actitime.generic.FileLib.getpropertyData(FileLib.java:12)
at com.actitime.generic.FileLib.getpropertyData(FileLib.java:12)
at com.actitime.generic.FileLib.getpropertyData(FileLib.java:12)
at com.actitime.generic.FileLib.getpropertyData(FileLib.java:12)
at com.actitime.generic.FileLib.getpropertyData(FileLib.java:12)
at com.actitime.generic.FileLib.getpropertyData(FileLib.java:12)
at com.actitime.generic.FileLib.getpropertyData(FileLib.java:12)
at com.actitime.generic.FileLib.getpropertyData(FileLib.java:12)
at com.actitime.generic.FileLib.getpropertyData(FileLib.java:12)
at com.actitime.generic.FileLib.getpropertyData(FileLib.java:12)
at com.actitime.generic.FileLib.getpropertyData(FileLib.java:12)
at com.actitime.generic.FileLib.getpropertyData(FileLib.java:12)
at com.actitime.generic.FileLib.getpropertyData(FileLib.java:12)
at com.actitime.generic.FileLib.getpropertyData(FileLib.java:12)
at com.actitime.generic.FileLib.getpropertyData(FileLib.java:12)
at com.actitime.generic.FileLib.getpropertyData(FileLib.java:12)
at com.actitime.generic.FileLib.getpropertyData(FileLib.java:12)
at com.actitime.generic.FileLib.getpropertyData(FileLib.java:12)
at com.actitime.generic.FileLib.getpropertyData(FileLib.java:12)
at com.actitime.generic.FileLib.getpropertyData(FileLib.java:12)
at com.actitime.generic.FileLib.getpropertyData(FileLib.java:12)
at com.actitime.generic.FileLib.getpropertyData(FileLib.java:12)
at com.actitime.generic.FileLib.getpropertyData(FileLib.java:12)
at com.actitime.generic.FileLib.getpropertyData(FileLib.java:12)
at com.actitime.generic.FileLib.getpropertyData(FileLib.java:12)
at com.actitime.generic.FileLib.getpropertyData(FileLib.java:12)
at com.actitime.generic.FileLib.getpropertyData(FileLib.java:12)
at com.actitime.generic.FileLib.getpropertyData(FileLib.java:12)
at com.actitime.generic.FileLib.getpropertyData(FileLib.java:12)
at com.actitime.generic.FileLib.getpropertyData(FileLib.java:12)
at com.actitime.generic.FileLib.getpropertyData(FileLib.java:12)
at com.actitime.generic.FileLib.getpropertyData(FileLib.java:12)
at com.actitime.generic.FileLib.getpropertyData(FileLib.java:12)
at com.actitime.generic.FileLib.getpropertyData(FileLib.java:12)
at com.actitime.generic.FileLib.getpropertyData(FileLib.java:12)
at com.actitime.generic.FileLib.getpropertyData(FileLib.java:12)
at com.actitime.generic.FileLib.getpropertyData(FileLib.java:12)
at com.actitime.generic.FileLib.getpropertyData(FileLib.java:12)
at com.actitime.generic.FileLib.getpropertyData(FileLib.java:12)
at com.actitime.generic.FileLib.getpropertyData(FileLib.java:12)
at com.actitime.generic.FileLib.getpropertyData(FileLib.java:12)
at com.actitime.generic.FileLib.getpropertyData(FileLib.java:12)
at com.actitime.generic.FileLib.getpropertyData(FileLib.java:12)
at com.actitime.generic.FileLib.getpropertyData(FileLib.java:12)
at com.actitime.generic.FileLib.getpropertyData(FileLib.java:12)
at com.actitime.generic.FileLib.getpropertyData(FileLib.java:12)
at com.actitime.generic.FileLib.getpropertyData(FileLib.java:12)
at com.actitime.generic.FileLib.getpropertyData(FileLib.java:12)
at com.actitime.generic.FileLib.getpropertyData(FileLib.java:12)
at com.actitime.generic.FileLib.getpropertyData(FileLib.java:12)
at com.actitime.generic.FileLib.getpropertyData(FileLib.java:12)
at com.actitime.generic.FileLib.getpropertyData(FileLib.java:12)
at com.actitime.generic.FileLib.getpropertyData(FileLib.java:12)
at com.actitime.generic.FileLib.getpropertyData(FileLib.java:12)
at com.actitime.generic.FileLib.getpropertyData(FileLib.java:12)
at com.actitime.generic.FileLib.getpropertyData(FileLib.java:12)
at com.actitime.generic.FileLib.getpropertyData(FileLib.java:12)
at com.actitime.generic.FileLib.getpropertyData(FileLib.java:12)
at com.actitime.generic.FileLib.getpropertyData(FileLib.java:12)
at com.actitime.generic.FileLib.getpropertyData(FileLib.java:12)
at com.actitime.generic.FileLib.getpropertyData(FileLib.java:12)
at com.actitime.generic.FileLib.getpropertyData(FileLib.java:12)
at com.actitime.generic.FileLib.getpropertyData(FileLib.java:12)
at com.actitime.generic.FileLib.getpropertyData(FileLib.java:12)
at com.actitime.generic.FileLib.getpropertyData(FileLib.java:12)
at com.actitime.generic.FileLib.getpropertyData(FileLib.java:12)
at com.actitime.generic.FileLib.getpropertyData(FileLib.java:12)
at com.actitime.generic.FileLib.getpropertyData(FileLib.java:12)
at com.actitime.generic.FileLib.getpropertyData(FileLib.java:12)
at com.actitime.generic.FileLib.getpropertyData(FileLib.java:12)
at com.actitime.generic.FileLib.getpropertyData(FileLib.java:12)
at com.actitime.generic.FileLib.getpropertyData(FileLib.java:12)
at com.actitime.generic.FileLib.getpropertyData(FileLib.java:12)
at com.actitime.generic.FileLib.getpropertyData(FileLib.java:12)
at com.actitime.generic.FileLib.getpropertyData(FileLib.java:12)
at com.actitime.generic.FileLib.getpropertyData(FileLib.java:12)
at com.actitime.generic.FileLib.getpropertyData(FileLib.java:12)
at com.actitime.generic.FileLib.getpropertyData(FileLib.java:12)
at com.actitime.generic.FileLib.getpropertyData(FileLib.java:12)
at com.actitime.generic.FileLib.getpropertyData(FileLib.java:12)
at com.actitime.generic.FileLib.getpropertyData(FileLib.java:12)
at com.actitime.generic.FileLib.getpropertyData(FileLib.java:12)
at com.actitime.generic.FileLib.getpropertyData(FileLib.java:12)
at com.actitime.generic.FileLib.getpropertyData(FileLib.java:12)
at com.actitime.generic.FileLib.getpropertyData(FileLib.java:12)
at com.actitime.generic.FileLib.getpropertyData(FileLib.java:12)
at com.actitime.generic.FileLib.getpropertyData(FileLib.java:12)
at com.actitime.generic.FileLib.getpropertyData(FileLib.java:12)
at com.actitime.generic.FileLib.getpropertyData(FileLib.java:12)
at com.actitime.generic.FileLib.getpropertyData(FileLib.java:12)
at com.actitime.generic.FileLib.getpropertyData(FileLib.java:12)
at com.actitime.generic.FileLib.getpropertyData(FileLib.java:12)
at com.actitime.generic.FileLib.getpropertyData(FileLib.java:12)
at com.actitime.generic.FileLib.getpropertyData(FileLib.java:12)
at com.actitime.generic.FileLib.getpropertyData(FileLib.java:12)
at com.actitime.generic.FileLib.getpropertyData(FileLib.java:12)
at com.actitime.generic.FileLib.getpropertyData(FileLib.java:12)
at com.actitime.generic.FileLib.getpropertyData(FileLib.java:12)
at com.actitime.generic.FileLib.getpropertyData(FileLib.java:12)
at com.actitime.generic.FileLib.getpropertyData(FileLib.java:12)
at com.actitime.generic.FileLib.getpropertyData(FileLib.java:12)
at com.actitime.generic.FileLib.getpropertyData(FileLib.java:12)
at com.actitime.generic.FileLib.getpropertyData(FileLib.java:12)
at com.actitime.generic.FileLib.getpropertyData(FileLib.java:12)
at com.actitime.generic.FileLib.getpropertyData(FileLib.java:12)
at com.actitime.generic.FileLib.getpropertyData(FileLib.java:12)
at com.actitime.generic.FileLib.getpropertyData(FileLib.java:12)
at com.actitime.generic.FileLib.getpropertyData(FileLib.java:12)
at com.actitime.generic.FileLib.getpropertyData(FileLib.java:12)
at com.actitime.generic.FileLib.getpropertyData(FileLib.java:12)
at com.actitime.generic.FileLib.getpropertyData(FileLib.java:12)
at com.actitime.generic.FileLib.getpropertyData(FileLib.java:12)
at com.actitime.generic.FileLib.getpropertyData(FileLib.java:12)
at com.actitime.generic.FileLib.getpropertyData(FileLib.java:12)
at com.actitime.generic.FileLib.getpropertyData(FileLib.java:12)
at com.actitime.generic.FileLib.getpropertyData(FileLib.java:12)
at com.actitime.generic.FileLib.getpropertyData(FileLib.java:12)
at com.actitime.generic.FileLib.getpropertyData(FileLib.java:12)
at com.actitime.generic.FileLib.getpropertyData(FileLib.java:12)
at com.actitime.generic.FileLib.getpropertyData(FileLib.java:12)
at com.actitime.generic.FileLib.getpropertyData(FileLib.java:12)
at com.actitime.generic.FileLib.getpropertyData(FileLib.java:12)
at com.actitime.generic.FileLib.getpropertyData(FileLib.java:12)
at com.actitime.generic.FileLib.getpropertyData(FileLib.java:12)
at com.actitime.generic.FileLib.getpropertyData(FileLib.java:12)
at com.actitime.generic.FileLib.getpropertyData(FileLib.java:12)
at com.actitime.generic.FileLib.getpropertyData(FileLib.java:12)
at com.actitime.generic.FileLib.getpropertyData(FileLib.java:12)
at com.actitime.generic.FileLib.getpropertyData(FileLib.java:12)
at com.actitime.generic.FileLib.getpropertyData(FileLib.java:12)
at com.actitime.generic.FileLib.getpropertyData(FileLib.java:12)
at com.actitime.generic.FileLib.getpropertyData(FileLib.java:12)
at com.actitime.generic.FileLib.getpropertyData(FileLib.java:12)
at com.actitime.generic.FileLib.getpropertyData(FileLib.java:12)
at com.actitime.generic.FileLib.getpropertyData(FileLib.java:12)
at com.actitime.generic.FileLib.getpropertyData(FileLib.java:12)
at com.actitime.generic.FileLib.getpropertyData(FileLib.java:12)
at com.actitime.generic.FileLib.getpropertyData(FileLib.java:12)
at com.actitime.generic.FileLib.getpropertyData(FileLib.java:12)
at com.actitime.generic.FileLib.getpropertyData(FileLib.java:12)
at com.actitime.generic.FileLib.getpropertyData(FileLib.java:12)
at com.actitime.generic.FileLib.getpropertyData(FileLib.java:12)
at com.actitime.generic.FileLib.getpropertyData(FileLib.java:12)
at com.actitime.generic.FileLib.getpropertyData(FileLib.java:12)
at com.actitime.generic.FileLib.getpropertyData(FileLib.java:12)
at com.actitime.generic.FileLib.getpropertyData(FileLib.java:12)
at com.actitime.generic.FileLib.getpropertyData(FileLib.java:12)
at com.actitime.generic.FileLib.getpropertyData(FileLib.java:12)
at com.actitime.generic.FileLib.getpropertyData(FileLib.java:12)
at com.actitime.generic.FileLib.getpropertyData(FileLib.java:12)
at com.actitime.generic.FileLib.getpropertyData(FileLib.java:12)
at com.actitime.generic.FileLib.getpropertyData(FileLib.java:12)
at com.actitime.generic.FileLib.getpropertyData(FileLib.java:12)
at com.actitime.generic.FileLib.getpropertyData(FileLib.java:12)
at com.actitime.generic.FileLib.getpropertyData(FileLib.java:12)
at com.actitime.generic.FileLib.getpropertyData(FileLib.java:12)
at com.actitime.generic.FileLib.getpropertyData(FileLib.java:12)
at com.actitime.generic.FileLib.getpropertyData(FileLib.java:12)
at com.actitime.generic.FileLib.getpropertyData(FileLib.java:12)
at com.actitime.generic.FileLib.getpropertyData(FileLib.java:12)
at com.actitime.generic.FileLib.getpropertyData(FileLib.java:12)
at com.actitime.generic.FileLib.getpropertyData(FileLib.java:12)
at com.actitime.generic.FileLib.getpropertyData(FileLib.java:12)
at com.actitime.generic.FileLib.getpropertyData(FileLib.java:12)
at com.actitime.generic.FileLib.getpropertyData(FileLib.java:12)
at com.actitime.generic.FileLib.getpropertyData(FileLib.java:12)
at com.actitime.generic.FileLib.getpropertyData(FileLib.java:12)
at com.actitime.generic.FileLib.getpropertyData(FileLib.java:12)
at com.actitime.generic.FileLib.getpropertyData(FileLib.java:12)
at com.actitime.generic.FileLib.getpropertyData(FileLib.java:12)
at com.actitime.generic.FileLib.getpropertyData(FileLib.java:12)
at com.actitime.generic.FileLib.getpropertyData(FileLib.java:12)
at com.actitime.generic.FileLib.getpropertyData(FileLib.java:12)
at com.actitime.generic.FileLib.getpropertyData(FileLib.java:12)
at com.actitime.generic.FileLib.getpropertyData(FileLib.java:12)
at com.actitime.generic.FileLib.getpropertyData(FileLib.java:12)
at com.actitime.generic.FileLib.getpropertyData(FileLib.java:12)
at com.actitime.generic.FileLib.getpropertyData(FileLib.java:12)
at com.actitime.generic.FileLib.getpropertyData(FileLib.java:12)
at com.actitime.generic.FileLib.getpropertyData(FileLib.java:12)
at com.actitime.generic.FileLib.getpropertyData(FileLib.java:12)
at com.actitime.generic.FileLib.getpropertyData(FileLib.java:12)
at com.actitime.generic.FileLib.getpropertyData(FileLib.java:12)
at com.actitime.generic.FileLib.getpropertyData(FileLib.java:12)
at com.actitime.generic.FileLib.getpropertyData(FileLib.java:12)
at com.actitime.generic.FileLib.getpropertyData(FileLib.java:12)
at com.actitime.generic.FileLib.getpropertyData(FileLib.java:12)
at com.actitime.generic.FileLib.getpropertyData(FileLib.java:12)
at com.actitime.generic.FileLib.getpropertyData(FileLib.java:12)
at com.actitime.generic.FileLib.getpropertyData(FileLib.java:12)
at com.actitime.generic.FileLib.getpropertyData(FileLib.java:12)
at com.actitime.generic.FileLib.getpropertyData(FileLib.java:12)
at com.actitime.generic.FileLib.getpropertyData(FileLib.java:12)
at com.actitime.generic.FileLib.getpropertyData(FileLib.java:12)
at com.actitime.generic.FileLib.getpropertyData(FileLib.java:12)
at com.actitime.generic.FileLib.getpropertyData(FileLib.java:12)
at com.actitime.generic.FileLib.getpropertyData(FileLib.java:12)
at com.actitime.generic.FileLib.getpropertyData(FileLib.java:12)
at com.actitime.generic.FileLib.getpropertyData(FileLib.java:12)
at com.actitime.generic.FileLib.getpropertyData(FileLib.java:12)
at com.actitime.generic.FileLib.getpropertyData(FileLib.java:12)
at com.actitime.generic.FileLib.getpropertyData(FileLib.java:12)
at com.actitime.generic.FileLib.getpropertyData(FileLib.java:12)
at com.actitime.generic.FileLib.getpropertyData(FileLib.java:12)
at com.actitime.generic.FileLib.getpropertyData(FileLib.java:12)
at com.actitime.generic.FileLib.getpropertyData(FileLib.java:12)
at com.actitime.generic.FileLib.getpropertyData(FileLib.java:12)
at com.actitime.generic.FileLib.getpropertyData(FileLib.java:12)
at com.actitime.generic.FileLib.getpropertyData(FileLib.java:12)
at com.actitime.generic.FileLib.getpropertyData(FileLib.java:12)
at com.actitime.generic.FileLib.getpropertyData(FileLib.java:12)
at com.actitime.generic.FileLib.getpropertyData(FileLib.java:12)
at com.actitime.generic.FileLib.getpropertyData(FileLib.java:12)
at com.actitime.generic.FileLib.getpropertyData(FileLib.java:12)
at com.actitime.generic.FileLib.getpropertyData(FileLib.java:12)
at com.actitime.generic.FileLib.getpropertyData(FileLib.java:12)
at com.actitime.generic.FileLib.getpropertyData(FileLib.java:12)
at com.actitime.generic.FileLib.getpropertyData(FileLib.java:12)
at com.actitime.generic.FileLib.getpropertyData(FileLib.java:12)
at com.actitime.generic.FileLib.getpropertyData(FileLib.java:12)
at com.actitime.generic.FileLib.getpropertyData(FileLib.java:12)
at com.actitime.generic.FileLib.getpropertyData(FileLib.java:12)
at com.actitime.generic.FileLib.getpropertyData(FileLib.java:12)
at com.actitime.generic.FileLib.getpropertyData(FileLib.java:12)
at com.actitime.generic.FileLib.getpropertyData(FileLib.java:12)
at com.actitime.generic.FileLib.getpropertyData(FileLib.java:12)
at com.actitime.generic.FileLib.getpropertyData(FileLib.java:12)
at com.actitime.generic.FileLib.getpropertyData(FileLib.java:12)
at com.actitime.generic.FileLib.getpropertyData(FileLib.java:12)
at com.actitime.generic.FileLib.getpropertyData(FileLib.java:12)
at com.actitime.generic.FileLib.getpropertyData(FileLib.java:12)
at com.actitime.generic.FileLib.getpropertyData(FileLib.java:12)
at com.actitime.generic.FileLib.getpropertyData(FileLib.java:12)
at com.actitime.generic.FileLib.getpropertyData(FileLib.java:12)
at com.actitime.generic.FileLib.getpropertyData(FileLib.java:12)
at com.actitime.generic.FileLib.getpropertyData(FileLib.java:12)
at com.actitime.generic.FileLib.getpropertyData(FileLib.java:12)
at com.actitime.generic.FileLib.getpropertyData(FileLib.java:12)
at com.actitime.generic.FileLib.getpropertyData(FileLib.java:12)
at com.actitime.generic.FileLib.getpropertyData(FileLib.java:12)
at com.actitime.generic.FileLib.getpropertyData(FileLib.java:12)
at com.actitime.generic.FileLib.getpropertyData(FileLib.java:12)
at com.actitime.generic.FileLib.getpropertyData(FileLib.java:12)
at com.actitime.generic.FileLib.getpropertyData(FileLib.java:12)
at com.actitime.generic.FileLib.getpropertyData(FileLib.java:12)
at com.actitime.generic.FileLib.getpropertyData(FileLib.java:12)
at com.actitime.generic.FileLib.getpropertyData(FileLib.java:12)
at com.actitime.generic.FileLib.getpropertyData(FileLib.java:12)
at com.actitime.generic.FileLib.getpropertyData(FileLib.java:12)
at com.actitime.generic.FileLib.getpropertyData(FileLib.java:12)
at com.actitime.generic.FileLib.getpropertyData(FileLib.java:12)
at com.actitime.generic.FileLib.getpropertyData(FileLib.java:12)
at com.actitime.generic.FileLib.getpropertyData(FileLib.java:12)
at com.actitime.generic.FileLib.getpropertyData(FileLib.java:12)
at com.actitime.generic.FileLib.getpropertyData(FileLib.java:12)
at com.actitime.generic.FileLib.getpropertyData(FileLib.java:12)
at com.actitime.generic.FileLib.getpropertyData(FileLib.java:12)
at com.actitime.generic.FileLib.getpropertyData(FileLib.java:12)
at com.actitime.generic.FileLib.getpropertyData(FileLib.java:12)
at com.actitime.generic.FileLib.getpropertyData(FileLib.java:12)
at com.actitime.generic.FileLib.getpropertyData(FileLib.java:12)
at com.actitime.generic.FileLib.getpropertyData(FileLib.java:12)
at com.actitime.generic.FileLib.getpropertyData(FileLib.java:12)
at com.actitime.generic.FileLib.getpropertyData(FileLib.java:12)
at com.actitime.generic.FileLib.getpropertyData(FileLib.java:12)
at com.actitime.generic.FileLib.getpropertyData(FileLib.java:12)
at com.actitime.generic.FileLib.getpropertyData(FileLib.java:12)
at com.actitime.generic.FileLib.getpropertyData(FileLib.java:12)
at com.actitime.generic.FileLib.getpropertyData(FileLib.java:12)
at com.actitime.generic.FileLib.getpropertyData(FileLib.java:12)
at com.actitime.generic.FileLib.getpropertyData(FileLib.java:12)
at com.actitime.generic.FileLib.getpropertyData(FileLib.java:12)
at com.actitime.generic.FileLib.getpropertyData(FileLib.java:12)
at com.actitime.generic.FileLib.getpropertyData(FileLib.java:12)
at com.actitime.generic.FileLib.getpropertyData(FileLib.java:12)
at com.actitime.generic.FileLib.getpropertyData(FileLib.java:12)
at com.actitime.generic.FileLib.getpropertyData(FileLib.java:12)
at com.actitime.generic.FileLib.getpropertyData(FileLib.java:12)
at com.actitime.generic.FileLib.getpropertyData(FileLib.java:12)
at com.actitime.generic.FileLib.getpropertyData(FileLib.java:12)
at com.actitime.generic.FileLib.getpropertyData(FileLib.java:12)
at com.actitime.generic.FileLib.getpropertyData(FileLib.java:12)
at com.actitime.generic.FileLib.getpropertyData(FileLib.java:12)
at com.actitime.generic.FileLib.getpropertyData(FileLib.java:12)
at com.actitime.generic.FileLib.getpropertyData(FileLib.java:12)
at com.actitime.generic.FileLib.getpropertyData(FileLib.java:12)
at com.actitime.generic.FileLib.getpropertyData(FileLib.java:12)
at com.actitime.generic.FileLib.getpropertyData(FileLib.java:12)
at com.actitime.generic.FileLib.getpropertyData(FileLib.java:12)
at com.actitime.generic.FileLib.getpropertyData(FileLib.java:12)
at com.actitime.generic.FileLib.getpropertyData(FileLib.java:12)
at com.actitime.generic.FileLib.getpropertyData(FileLib.java:12)
at com.actitime.generic.FileLib.getpropertyData(FileLib.java:12)
at com.actitime.generic.FileLib.getpropertyData(FileLib.java:12)
at com.actitime.generic.FileLib.getpropertyData(FileLib.java:12)
at com.actitime.generic.FileLib.getpropertyData(FileLib.java:12)
at com.actitime.generic.FileLib.getpropertyData(FileLib.java:12)
at com.actitime.generic.FileLib.getpropertyData(FileLib.java:12)
at com.actitime.generic.FileLib.getpropertyData(FileLib.java:12)
at com.actitime.generic.FileLib.getpropertyData(FileLib.java:12)
at com.actitime.generic.FileLib.getpropertyData(FileLib.java:12)
at com.actitime.generic.FileLib.getpropertyData(FileLib.java:12)
at com.actitime.generic.FileLib.getpropertyData(FileLib.java:12)
at com.actitime.generic.FileLib.getpropertyData(FileLib.java:12)
at com.actitime.generic.FileLib.getpropertyData(FileLib.java:12)
at com.actitime.generic.FileLib.getpropertyData(FileLib.java:12)
at com.actitime.generic.FileLib.getpropertyData(FileLib.java:12)
at com.actitime.generic.FileLib.getpropertyData(FileLib.java:12)
at com.actitime.generic.FileLib.getpropertyData(FileLib.java:12)
at com.actitime.generic.FileLib.getpropertyData(FileLib.java:12)
at com.actitime.generic.FileLib.getpropertyData(FileLib.java:12)
at com.actitime.generic.FileLib.getpropertyData(FileLib.java:12)
at com.actitime.generic.FileLib.getpropertyData(FileLib.java:12)
at com.actitime.generic.FileLib.getpropertyData(FileLib.java:12)
at com.actitime.generic.FileLib.getpropertyData(FileLib.java:12)
at com.actitime.generic.FileLib.getpropertyData(FileLib.java:12)
at com.actitime.generic.FileLib.getpropertyData(FileLib.java:12)
at com.actitime.generic.FileLib.getpropertyData(FileLib.java:12)
at com.actitime.generic.FileLib.getpropertyData(FileLib.java:12)
at com.actitime.generic.FileLib.getpropertyData(FileLib.java:12)
at com.actitime.generic.FileLib.getpropertyData(FileLib.java:12)
at com.actitime.generic.FileLib.getpropertyData(FileLib.java:12)
at com.actitime.generic.FileLib.getpropertyData(FileLib.java:12)
at com.actitime.generic.FileLib.getpropertyData(FileLib.java:12)
at com.actitime.generic.FileLib.getpropertyData(FileLib.java:12)
at com.actitime.generic.FileLib.getpropertyData(FileLib.java:12)
at com.actitime.generic.FileLib.getpropertyData(FileLib.java:12)
at com.actitime.generic.FileLib.getpropertyData(FileLib.java:12)
at com.actitime.generic.FileLib.getpropertyData(FileLib.java:12)
at com.actitime.generic.FileLib.getpropertyData(FileLib.java:12)
at com.actitime.generic.FileLib.getpropertyData(FileLib.java:12)
at com.actitime.generic.FileLib.getpropertyData(FileLib.java:12)
at com.actitime.generic.FileLib.getpropertyData(FileLib.java:12)
at com.actitime.generic.FileLib.getpropertyData(FileLib.java:12)
at com.actitime.generic.FileLib.getpropertyData(FileLib.java:12)
at com.actitime.generic.FileLib.getpropertyData(FileLib.java:12)
at com.actitime.generic.FileLib.getpropertyData(FileLib.java:12)
at com.actitime.generic.FileLib.getpropertyData(FileLib.java:12)
at com.actitime.generic.FileLib.getpropertyData(FileLib.java:12)
at com.actitime.generic.FileLib.getpropertyData(FileLib.java:12)
at com.actitime.generic.FileLib.getpropertyData(FileLib.java:12)
at com.actitime.generic.FileLib.getpropertyData(FileLib.java:12)
at com.actitime.generic.FileLib.getpropertyData(FileLib.java:12)
at com.actitime.generic.FileLib.getpropertyData(FileLib.java:12)
at com.actitime.generic.FileLib.getpropertyData(FileLib.java:12)
at com.actitime.generic.FileLib.getpropertyData(FileLib.java:12)
at com.actitime.generic.FileLib.getpropertyData(FileLib.java:12)
at com.actitime.generic.FileLib.getpropertyData(FileLib.java:12)
at com.actitime.generic.FileLib.getpropertyData(FileLib.java:12)
at com.actitime.generic.FileLib.getpropertyData(FileLib.java:12)
at com.actitime.generic.FileLib.getpropertyData(FileLib.java:12)
at com.actitime.generic.FileLib.getpropertyData(FileLib.java:12)
at com.actitime.generic.FileLib.getpropertyData(FileLib.java:12)
at com.actitime.generic.FileLib.getpropertyData(FileLib.java:12)
at com.actitime.generic.FileLib.getpropertyData(FileLib.java:12)
at com.actitime.generic.FileLib.getpropertyData(FileLib.java:12)
at com.actitime.generic.FileLib.getpropertyData(FileLib.java:12)
at com.actitime.generic.FileLib.getpropertyData(FileLib.java:12)
at com.actitime.generic.FileLib.getpropertyData(FileLib.java:12)
at com.actitime.generic.FileLib.getpropertyData(FileLib.java:12)
at com.actitime.generic.FileLib.getpropertyData(FileLib.java:12)
at com.actitime.generic.FileLib.getpropertyData(FileLib.java:12)
at com.actitime.generic.FileLib.getpropertyData(FileLib.java:12)
at com.actitime.generic.FileLib.getpropertyData(FileLib.java:12)
at com.actitime.generic.FileLib.getpropertyData(FileLib.java:12)
at com.actitime.generic.FileLib.getpropertyData(FileLib.java:12)
at com.actitime.generic.FileLib.getpropertyData(FileLib.java:12)
at com.actitime.generic.FileLib.getpropertyData(FileLib.java:12)
at com.actitime.generic.FileLib.getpropertyData(FileLib.java:12)
at com.actitime.generic.FileLib.getpropertyData(FileLib.java:12)
at com.actitime.generic.FileLib.getpropertyData(FileLib.java:12)
at com.actitime.generic.FileLib.getpropertyData(FileLib.java:12)
at com.actitime.generic.FileLib.getpropertyData(FileLib.java:12)
at com.actitime.generic.FileLib.getpropertyData(FileLib.java:12)
at com.actitime.generic.FileLib.getpropertyData(FileLib.java:12)
at com.actitime.generic.FileLib.getpropertyData(FileLib.java:12)
at com.actitime.generic.FileLib.getpropertyData(FileLib.java:12)
at com.actitime.generic.FileLib.getpropertyData(FileLib.java:12)
at com.actitime.generic.FileLib.getpropertyData(FileLib.java:12)
at com.actitime.generic.FileLib.getpropertyData(FileLib.java:12)
at com.actitime.generic.FileLib.getpropertyData(FileLib.java:12)
at com.actitime.generic.FileLib.getpropertyData(FileLib.java:12)
at com.actitime.generic.FileLib.getpropertyData(FileLib.java:12)
at com.actitime.generic.FileLib.getpropertyData(FileLib.java:12)
at com.actitime.generic.FileLib.getpropertyData(FileLib.java:12)
at com.actitime.generic.FileLib.getpropertyData(FileLib.java:12)
at com.actitime.generic.FileLib.getpropertyData(FileLib.java:12)
at com.actitime.generic.FileLib.getpropertyData(FileLib.java:12)
at com.actitime.generic.FileLib.getpropertyData(FileLib.java:12)
at com.actitime.generic.FileLib.getpropertyData(FileLib.java:12)
at com.actitime.generic.FileLib.getpropertyData(FileLib.java:12)
at com.actitime.generic.FileLib.getpropertyData(FileLib.java:12)
at com.actitime.generic.FileLib.getpropertyData(FileLib.java:12)
at com.actitime.generic.FileLib.getpropertyData(FileLib.java:12)
at com.actitime.generic.FileLib.getpropertyData(FileLib.java:12)
at com.actitime.generic.FileLib.getpropertyData(FileLib.java:12)
at com.actitime.generic.FileLib.getpropertyData(FileLib.java:12)
at com.actitime.generic.FileLib.getpropertyData(FileLib.java:12)
at com.actitime.generic.FileLib.getpropertyData(FileLib.java:12)
at com.actitime.generic.FileLib.getpropertyData(FileLib.java:12)
at com.actitime.generic.FileLib.getpropertyData(FileLib.java:12)
at com.actitime.generic.FileLib.getpropertyData(FileLib.java:12)
at com.actitime.generic.FileLib.getpropertyData(FileLib.java:12)
at com.actitime.generic.FileLib.getpropertyData(FileLib.java:12)
at com.actitime.generic.FileLib.getpropertyData(FileLib.java:12)
at com.actitime.generic.FileLib.getpropertyData(FileLib.java:12)
at com.actitime.generic.FileLib.getpropertyData(FileLib.java:12)
at com.actitime.generic.FileLib.getpropertyData(FileLib.java:12)
at com.actitime.generic.FileLib.getpropertyData(FileLib.java:12)
at com.actitime.generic.FileLib.getpropertyData(FileLib.java:12)
at com.actitime.generic.FileLib.getpropertyData(FileLib.java:12)
at com.actitime.generic.FileLib.getpropertyData(FileLib.java:12)
at com.actitime.generic.FileLib.getpropertyData(FileLib.java:12)
at com.actitime.generic.FileLib.getpropertyData(FileLib.java:12)
at com.actitime.generic.FileLib.getpropertyData(FileLib.java:12)
at com.actitime.generic.FileLib.getpropertyData(FileLib.java:12)
at com.actitime.generic.FileLib.getpropertyData(FileLib.java:12)
at com.actitime.generic.FileLib.getpropertyData(FileLib.java:12)
at com.actitime.generic.FileLib.getpropertyData(FileLib.java:12)
at com.actitime.generic.FileLib.getpropertyData(FileLib.java:12)
at com.actitime.generic.FileLib.getpropertyData(FileLib.java:12)
at com.actitime.generic.FileLib.getpropertyData(FileLib.java:12)
at com.actitime.generic.FileLib.getpropertyData(FileLib.java:12)
at com.actitime.generic.FileLib.getpropertyData(FileLib.java:12)
at com.actitime.generic.FileLib.getpropertyData(FileLib.java:12)
at com.actitime.generic.FileLib.getpropertyData(FileLib.java:12)
at com.actitime.generic.FileLib.getpropertyData(FileLib.java:12)
at com.actitime.generic.FileLib.getpropertyData(FileLib.java:12)
at com.actitime.generic.FileLib.getpropertyData(FileLib.java:12)
at com.actitime.generic.FileLib.getpropertyData(FileLib.java:12)
at com.actitime.generic.FileLib.getpropertyData(FileLib.java:12)
at com.actitime.generic.FileLib.getpropertyData(FileLib.java:12)
at com.actitime.generic.FileLib.getpropertyData(FileLib.java:12)
at com.actitime.generic.FileLib.getpropertyData(FileLib.java:12)
at com.actitime.generic.FileLib.getpropertyData(FileLib.java:12)
at com.actitime.generic.FileLib.getpropertyData(FileLib.java:12)
at com.actitime.generic.FileLib.getpropertyData(FileLib.java:12)
at com.actitime.generic.FileLib.getpropertyData(FileLib.java:12)
at com.actitime.generic.FileLib.getpropertyData(FileLib.java:12)
at com.actitime.generic.FileLib.getpropertyData(FileLib.java:12)
at com.actitime.generic.FileLib.getpropertyData(FileLib.java:12)
at com.actitime.generic.FileLib.getpropertyData(FileLib.java:12)
at com.actitime.generic.FileLib.getpropertyData(FileLib.java:12)
at com.actitime.generic.FileLib.getpropertyData(FileLib.java:12)
at com.actitime.generic.FileLib.getpropertyData(FileLib.java:12)
at com.actitime.generic.FileLib.getpropertyData(FileLib.java:12)
at com.actitime.generic.FileLib.getpropertyData(FileLib.java:12)
at com.actitime.generic.FileLib.getpropertyData(FileLib.java:12)
at com.actitime.generic.FileLib.getpropertyData(FileLib.java:12)
at com.actitime.generic.FileLib.getpropertyData(FileLib.java:12)
at com.actitime.generic.FileLib.getpropertyData(FileLib.java:12)
at com.actitime.generic.FileLib.getpropertyData(FileLib.java:12)
at com.actitime.generic.FileLib.getpropertyData(FileLib.java:12)
at com.actitime.generic.FileLib.getpropertyData(FileLib.java:12)
at com.actitime.generic.FileLib.getpropertyData(FileLib.java:12)
at com.actitime.generic.FileLib.getpropertyData(FileLib.java:12)
at com.actitime.generic.FileLib.getpropertyData(FileLib.java:12)
at com.actitime.generic.FileLib.getpropertyData(FileLib.java:12)
at com.actitime.generic.FileLib.getpropertyData(FileLib.java:12)
at com.actitime.generic.FileLib.getpropertyData(FileLib.java:12)
at com.actitime.generic.FileLib.getpropertyData(FileLib.java:12)
at com.actitime.generic.FileLib.getpropertyData(FileLib.java:12)
at com.actitime.generic.FileLib.getpropertyData(FileLib.java:12)
at com.actitime.generic.FileLib.getpropertyData(FileLib.java:12)
at com.actitime.generic.FileLib.getpropertyData(FileLib.java:12)
at com.actitime.generic.FileLib.getpropertyData(FileLib.java:12)
at com.actitime.generic.FileLib.getpropertyData(FileLib.java:12)
at com.actitime.generic.FileLib.getpropertyData(FileLib.java:12)
at com.actitime.generic.FileLib.getpropertyData(FileLib.java:12)
at com.actitime.generic.FileLib.getpropertyData(FileLib.java:12)
at com.actitime.generic.FileLib.getpropertyData(FileLib.java:12)
at com.actitime.generic.FileLib.getpropertyData(FileLib.java:12)
at com.actitime.generic.FileLib.getpropertyData(FileLib.java:12)
at com.actitime.generic.FileLib.getpropertyData(FileLib.java:12)
at com.actitime.generic.FileLib.getpropertyData(FileLib.java:12)
at com.actitime.generic.FileLib.getpropertyData(FileLib.java:12)
at com.actitime.generic.FileLib.getpropertyData(FileLib.java:12)
at com.actitime.generic.FileLib.getpropertyData(FileLib.java:12)
at com.actitime.generic.FileLib.getpropertyData(FileLib.java:12)
at com.actitime.generic.FileLib.getpropertyData(FileLib.java:12)
at com.actitime.generic.FileLib.getpropertyData(FileLib.java:12)
at com.actitime.generic.FileLib.getpropertyData(FileLib.java:12)
at com.actitime.generic.FileLib.getpropertyData(FileLib.java:12)
at com.actitime.generic.FileLib.getpropertyData(FileLib.java:12)
at com.actitime.generic.FileLib.getpropertyData(FileLib.java:12)
at com.actitime.generic.FileLib.getpropertyData(FileLib.java:12)
at com.actitime.generic.FileLib.getpropertyData(FileLib.java:12)
at com.actitime.generic.FileLib.getpropertyData(FileLib.java:12)
at com.actitime.generic.FileLib.getpropertyData(FileLib.java:12)
at com.actitime.generic.FileLib.getpropertyData(FileLib.java:12)
at com.actitime.generic.FileLib.getpropertyData(FileLib.java:12)
at com.actitime.generic.FileLib.getpropertyData(FileLib.java:12)
at com.actitime.generic.FileLib.getpropertyData(FileLib.java:12)
at com.actitime.generic.FileLib.getpropertyData(FileLib.java:12)
at com.actitime.generic.FileLib.getpropertyData(FileLib.java:12)
at com.actitime.generic.FileLib.getpropertyData(FileLib.java:12)
at com.actitime.generic.FileLib.getpropertyData(FileLib.java:12)
at com.actitime.generic.FileLib.getpropertyData(FileLib.java:12)
at com.actitime.generic.FileLib.getpropertyData(FileLib.java:12)
at com.actitime.generic.FileLib.getpropertyData(FileLib.java:12)
at com.actitime.generic.FileLib.getpropertyData(FileLib.java:12)
at com.actitime.generic.FileLib.getpropertyData(FileLib.java:12)
at com.actitime.generic.FileLib.getpropertyData(FileLib.java:12)
at com.actitime.generic.FileLib.getpropertyData(FileLib.java:12)
at com.actitime.generic.FileLib.getpropertyData(FileLib.java:12)
at com.actitime.generic.FileLib.getpropertyData(FileLib.java:12)
at com.actitime.generic.FileLib.getpropertyData(FileLib.java:12)
at com.actitime.generic.FileLib.getpropertyData(FileLib.java:12)
at com.actitime.generic.FileLib.getpropertyData(FileLib.java:12)
at com.actitime.generic.FileLib.getpropertyData(FileLib.java:12)
at com.actitime.generic.FileLib.getpropertyData(FileLib.java:12)
at com.actitime.generic.FileLib.getpropertyData(FileLib.java:12)
at com.actitime.generic.FileLib.getpropertyData(FileLib.java:12)
at com.actitime.generic.FileLib.getpropertyData(FileLib.java:12)
at com.actitime.generic.FileLib.getpropertyData(FileLib.java:12)
at com.actitime.generic.FileLib.getpropertyData(FileLib.java:12)
at com.actitime.generic.FileLib.getpropertyData(FileLib.java:12)
at com.actitime.generic.FileLib.getpropertyData(FileLib.java:12)
at com.actitime.generic.FileLib.getpropertyData(FileLib.java:12)
at com.actitime.generic.FileLib.getpropertyData(FileLib.java:12)
at com.actitime.generic.FileLib.getpropertyData(FileLib.java:12)
at com.actitime.generic.FileLib.getpropertyData(FileLib.java:12)
at com.actitime.generic.FileLib.getpropertyData(FileLib.java:12)
at com.actitime.generic.FileLib.getpropertyData(FileLib.java:12)
at com.actitime.generic.FileLib.getpropertyData(FileLib.java:12)
at com.actitime.generic.FileLib.getpropertyData(FileLib.java:12)
at com.actitime.generic.FileLib.getpropertyData(FileLib.java:12)
at com.actitime.generic.FileLib.getpropertyData(FileLib.java:12)
at com.actitime.generic.FileLib.getpropertyData(FileLib.java:12)
at com.actitime.generic.FileLib.getpropertyData(FileLib.java:12)
at com.actitime.generic.FileLib.getpropertyData(FileLib.java:12)
at com.actitime.generic.FileLib.getpropertyData(FileLib.java:12)
at com.actitime.generic.FileLib.getpropertyData(FileLib.java:12)
at com.actitime.generic.FileLib.getpropertyData(FileLib.java:12)
at com.actitime.generic.FileLib.getpropertyData(FileLib.java:12)
at com.actitime.generic.FileLib.getpropertyData(FileLib.java:12)
at com.actitime.generic.FileLib.getpropertyData(FileLib.java:12)
at com.actitime.generic.FileLib.getpropertyData(FileLib.java:12)
at com.actitime.generic.FileLib.getpropertyData(FileLib.java:12)
at com.actitime.generic.FileLib.getpropertyData(FileLib.java:12)
at com.actitime.generic.FileLib.getpropertyData(FileLib.java:12)
at com.actitime.generic.FileLib.getpropertyData(FileLib.java:12)
at com.actitime.generic.FileLib.getpropertyData(FileLib.java:12)
at com.actitime.generic.FileLib.getpropertyData(FileLib.java:12)
at com.actitime.generic.FileLib.getpropertyData(FileLib.java:12)
at com.actitime.generic.FileLib.getpropertyData(FileLib.java:12)
at com.actitime.generic.FileLib.getpropertyData(FileLib.java:12)
at com.actitime.generic.FileLib.getpropertyData(FileLib.java:12)
at com.actitime.generic.FileLib.getpropertyData(FileLib.java:12)
at com.actitime.generic.FileLib.getpropertyData(FileLib.java:12)
at com.actitime.generic.FileLib.getpropertyData(FileLib.java:12)
at com.actitime.generic.FileLib.getpropertyData(FileLib.java:12)
at com.actitime.generic.FileLib.getpropertyData(FileLib.java:12)
at com.actitime.generic.FileLib.getpropertyData(FileLib.java:12)
at com.actitime.generic.FileLib.getpropertyData(FileLib.java:12)
at com.actitime.generic.FileLib.getpropertyData(FileLib.java:12)
at com.actitime.generic.FileLib.getpropertyData(FileLib.java:12)
at com.actitime.generic.FileLib.getpropertyData(FileLib.java:12)
at com.actitime.generic.FileLib.getpropertyData(FileLib.java:12)
at com.actitime.generic.FileLib.getpropertyData(FileLib.java:12)
at com.actitime.generic.FileLib.getpropertyData(FileLib.java:12)
at com.actitime.generic.FileLib.getpropertyData(FileLib.java:12)
at com.actitime.generic.FileLib.getpropertyData(FileLib.java:12)
at com.actitime.generic.FileLib.getpropertyData(FileLib.java:12)
at com.actitime.generic.FileLib.getpropertyData(FileLib.java:12)
at com.actitime.generic.FileLib.getpropertyData(FileLib.java:12)
at com.actitime.generic.FileLib.getpropertyData(FileLib.java:12)
at com.actitime.generic.FileLib.getpropertyData(FileLib.java:12)
at com.actitime.generic.FileLib.getpropertyData(FileLib.java:12)
at com.actitime.generic.FileLib.getpropertyData(FileLib.java:12)
at com.actitime.generic.FileLib.getpropertyData(FileLib.java:12)
at com.actitime.generic.FileLib.getpropertyData(FileLib.java:12)
at com.actitime.generic.FileLib.getpropertyData(FileLib.java:12)
at com.actitime.generic.FileLib.getpropertyData(FileLib.java:12)
at com.actitime.generic.FileLib.getpropertyData(FileLib.java:12)
at com.actitime.generic.FileLib.getpropertyData(FileLib.java:12)
at com.actitime.generic.FileLib.getpropertyData(FileLib.java:12)
at com.actitime.generic.FileLib.getpropertyData(FileLib.java:12)
at com.actitime.generic.FileLib.getpropertyData(FileLib.java:12)
at com.actitime.generic.FileLib.getpropertyData(FileLib.java:12)
at com.actitime.generic.FileLib.getpropertyData(FileLib.java:12)
at com.actitime.generic.FileLib.getpropertyData(FileLib.java:12)
at com.actitime.generic.FileLib.getpropertyData(FileLib.java:12)
at com.actitime.generic.FileLib.getpropertyData(FileLib.java:12)
at com.actitime.generic.FileLib.getpropertyData(FileLib.java:12)
at com.actitime.generic.FileLib.getpropertyData(FileLib.java:12)
at com.actitime.generic.FileLib.getpropertyData(FileLib.java:12)
at com.actitime.generic.FileLib.getpropertyData(FileLib.java:12)
at com.actitime.generic.FileLib.getpropertyData(FileLib.java:12)
at com.actitime.generic.FileLib.getpropertyData(FileLib.java:12)
at com.actitime.generic.FileLib.getpropertyData(FileLib.java:12)
at com.actitime.generic.FileLib.getpropertyData(FileLib.java:12)
at com.actitime.generic.FileLib.getpropertyData(FileLib.java:12)
at com.actitime.generic.FileLib.getpropertyData(FileLib.java:12)
at com.actitime.generic.FileLib.getpropertyData(FileLib.java:12)
at com.actitime.generic.FileLib.getpropertyData(FileLib.java:12)
at com.actitime.generic.FileLib.getpropertyData(FileLib.java:12)
at com.actitime.generic.FileLib.getpropertyData(FileLib.java:12)
at com.actitime.generic.FileLib.getpropertyData(FileLib.java:12)
at com.actitime.generic.FileLib.getpropertyData(FileLib.java:12)
at com.actitime.generic.FileLib.getpropertyData(FileLib.java:12)
at com.actitime.generic.FileLib.getpropertyData(FileLib.java:12)
at com.actitime.generic.FileLib.getpropertyData(FileLib.java:12)
at com.actitime.generic.FileLib.getpropertyData(FileLib.java:12)
at com.actitime.generic.FileLib.getpropertyData(FileLib.java:12)
at com.actitime.generic.FileLib.getpropertyData(FileLib.java:12)
at com.actitime.generic.FileLib.getpropertyData(FileLib.java:12)
at com.actitime.generic.FileLib.getpropertyData(FileLib.java:12)
at com.actitime.generic.FileLib.getpropertyData(FileLib.java:12)
at com.actitime.generic.FileLib.getpropertyData(FileLib.java:12)
at com.actitime.generic.FileLib.getpropertyData(FileLib.java:12)
at com.actitime.generic.FileLib.getpropertyData(FileLib.java:12)
at com.actitime.generic.FileLib.getpropertyData(FileLib.java:12)
at com.actitime.generic.FileLib.getpropertyData(FileLib.java:12)
at com.actitime.generic.FileLib.getpropertyData(FileLib.java:12)
at com.actitime.generic.FileLib.getpropertyData(FileLib.java:12)
at com.actitime.generic.FileLib.getpropertyData(FileLib.java:12)
at com.actitime.generic.FileLib.getpropertyData(FileLib.java:12)
]]>
            </full-stacktrace>
          </exception> <!-- java.lang.StackOverflowError -->
          <reporter-output>
            <line>
              <![CDATA[Login]]>
            </line>
          </reporter-output>
        </test-method> <!-- Login -->
        <test-method signature="testTaskModule()[pri:0, instance:com.actitime.testscript.TaskModule@72f926e6]" started-at="2023-04-06T16:15:06 IST" name="testTaskModule" finished-at="2023-04-06T16:15:06 IST" duration-ms="0" status="SKIP">
          <exception class="java.lang.StackOverflowError">
            <full-stacktrace>
              <![CDATA[java.lang.StackOverflowError
at java.base/java.io.FileInputStream.open(FileInputStream.java:217)
at java.base/java.io.FileInputStream.<init>(FileInputStream.java:158)
at java.base/java.io.FileInputStream.<init>(FileInputStream.java:112)
at com.actitime.generic.FileLib.getpropertyData(FileLib.java:9)
at com.actitime.generic.FileLib.getpropertyData(FileLib.java:12)
at com.actitime.generic.FileLib.getpropertyData(FileLib.java:12)
at com.actitime.generic.FileLib.getpropertyData(FileLib.java:12)
at com.actitime.generic.FileLib.getpropertyData(FileLib.java:12)
at com.actitime.generic.FileLib.getpropertyData(FileLib.java:12)
at com.actitime.generic.FileLib.getpropertyData(FileLib.java:12)
at com.actitime.generic.FileLib.getpropertyData(FileLib.java:12)
at com.actitime.generic.FileLib.getpropertyData(FileLib.java:12)
at com.actitime.generic.FileLib.getpropertyData(FileLib.java:12)
at com.actitime.generic.FileLib.getpropertyData(FileLib.java:12)
at com.actitime.generic.FileLib.getpropertyData(FileLib.java:12)
at com.actitime.generic.FileLib.getpropertyData(FileLib.java:12)
at com.actitime.generic.FileLib.getpropertyData(FileLib.java:12)
at com.actitime.generic.FileLib.getpropertyData(FileLib.java:12)
at com.actitime.generic.FileLib.getpropertyData(FileLib.java:12)
at com.actitime.generic.FileLib.getpropertyData(FileLib.java:12)
at com.actitime.generic.FileLib.getpropertyData(FileLib.java:12)
at com.actitime.generic.FileLib.getpropertyData(FileLib.java:12)
at com.actitime.generic.FileLib.getpropertyData(FileLib.java:12)
at com.actitime.generic.FileLib.getpropertyData(FileLib.java:12)
at com.actitime.generic.FileLib.getpropertyData(FileLib.java:12)
at com.actitime.generic.FileLib.getpropertyData(FileLib.java:12)
at com.actitime.generic.FileLib.getpropertyData(FileLib.java:12)
at com.actitime.generic.FileLib.getpropertyData(FileLib.java:12)
at com.actitime.generic.FileLib.getpropertyData(FileLib.java:12)
at com.actitime.generic.FileLib.getpropertyData(FileLib.java:12)
at com.actitime.generic.FileLib.getpropertyData(FileLib.java:12)
at com.actitime.generic.FileLib.getpropertyData(FileLib.java:12)
at com.actitime.generic.FileLib.getpropertyData(FileLib.java:12)
at com.actitime.generic.FileLib.getpropertyData(FileLib.java:12)
at com.actitime.generic.FileLib.getpropertyData(FileLib.java:12)
at com.actitime.generic.FileLib.getpropertyData(FileLib.java:12)
at com.actitime.generic.FileLib.getpropertyData(FileLib.java:12)
at com.actitime.generic.FileLib.getpropertyData(FileLib.java:12)
at com.actitime.generic.FileLib.getpropertyData(FileLib.java:12)
at com.actitime.generic.FileLib.getpropertyData(FileLib.java:12)
at com.actitime.generic.FileLib.getpropertyData(FileLib.java:12)
at com.actitime.generic.FileLib.getpropertyData(FileLib.java:12)
at com.actitime.generic.FileLib.getpropertyData(FileLib.java:12)
at com.actitime.generic.FileLib.getpropertyData(FileLib.java:12)
at com.actitime.generic.FileLib.getpropertyData(FileLib.java:12)
at com.actitime.generic.FileLib.getpropertyData(FileLib.java:12)
at com.actitime.generic.FileLib.getpropertyData(FileLib.java:12)
at com.actitime.generic.FileLib.getpropertyData(FileLib.java:12)
at com.actitime.generic.FileLib.getpropertyData(FileLib.java:12)
at com.actitime.generic.FileLib.getpropertyData(FileLib.java:12)
at com.actitime.generic.FileLib.getpropertyData(FileLib.java:12)
at com.actitime.generic.FileLib.getpropertyData(FileLib.java:12)
at com.actitime.generic.FileLib.getpropertyData(FileLib.java:12)
at com.actitime.generic.FileLib.getpropertyData(FileLib.java:12)
at com.actitime.generic.FileLib.getpropertyData(FileLib.java:12)
at com.actitime.generic.FileLib.getpropertyData(FileLib.java:12)
at com.actitime.generic.FileLib.getpropertyData(FileLib.java:12)
at com.actitime.generic.FileLib.getpropertyData(FileLib.java:12)
at com.actitime.generic.FileLib.getpropertyData(FileLib.java:12)
at com.actitime.generic.FileLib.getpropertyData(FileLib.java:12)
at com.actitime.generic.FileLib.getpropertyData(FileLib.java:12)
at com.actitime.generic.FileLib.getpropertyData(FileLib.java:12)
at com.actitime.generic.FileLib.getpropertyData(FileLib.java:12)
at com.actitime.generic.FileLib.getpropertyData(FileLib.java:12)
at com.actitime.generic.FileLib.getpropertyData(FileLib.java:12)
at com.actitime.generic.FileLib.getpropertyData(FileLib.java:12)
at com.actitime.generic.FileLib.getpropertyData(FileLib.java:12)
at com.actitime.generic.FileLib.getpropertyData(FileLib.java:12)
at com.actitime.generic.FileLib.getpropertyData(FileLib.java:12)
at com.actitime.generic.FileLib.getpropertyData(FileLib.java:12)
at com.actitime.generic.FileLib.getpropertyData(FileLib.java:12)
at com.actitime.generic.FileLib.getpropertyData(FileLib.java:12)
at com.actitime.generic.FileLib.getpropertyData(FileLib.java:12)
at com.actitime.generic.FileLib.getpropertyData(FileLib.java:12)
at com.actitime.generic.FileLib.getpropertyData(FileLib.java:12)
at com.actitime.generic.FileLib.getpropertyData(FileLib.java:12)
at com.actitime.generic.FileLib.getpropertyData(FileLib.java:12)
at com.actitime.generic.FileLib.getpropertyData(FileLib.java:12)
at com.actitime.generic.FileLib.getpropertyData(FileLib.java:12)
at com.actitime.generic.FileLib.getpropertyData(FileLib.java:12)
at com.actitime.generic.FileLib.getpropertyData(FileLib.java:12)
at com.actitime.generic.FileLib.getpropertyData(FileLib.java:12)
at com.actitime.generic.FileLib.getpropertyData(FileLib.java:12)
at com.actitime.generic.FileLib.getpropertyData(FileLib.java:12)
at com.actitime.generic.FileLib.getpropertyData(FileLib.java:12)
at com.actitime.generic.FileLib.getpropertyData(FileLib.java:12)
at com.actitime.generic.FileLib.getpropertyData(FileLib.java:12)
at com.actitime.generic.FileLib.getpropertyData(FileLib.java:12)
at com.actitime.generic.FileLib.getpropertyData(FileLib.java:12)
at com.actitime.generic.FileLib.getpropertyData(FileLib.java:12)
at com.actitime.generic.FileLib.getpropertyData(FileLib.java:12)
at com.actitime.generic.FileLib.getpropertyData(FileLib.java:12)
at com.actitime.generic.FileLib.getpropertyData(FileLib.java:12)
at com.actitime.generic.FileLib.getpropertyData(FileLib.java:12)
at com.actitime.generic.FileLib.getpropertyData(FileLib.java:12)
at com.actitime.generic.FileLib.getpropertyData(FileLib.java:12)
at com.actitime.generic.FileLib.getpropertyData(FileLib.java:12)
at com.actitime.generic.FileLib.getpropertyData(FileLib.java:12)
at com.actitime.generic.FileLib.getpropertyData(FileLib.java:12)
at com.actitime.generic.FileLib.getpropertyData(FileLib.java:12)
at com.actitime.generic.FileLib.getpropertyData(FileLib.java:12)
at com.actitime.generic.FileLib.getpropertyData(FileLib.java:12)
at com.actitime.generic.FileLib.getpropertyData(FileLib.java:12)
at com.actitime.generic.FileLib.getpropertyData(FileLib.java:12)
at com.actitime.generic.FileLib.getpropertyData(FileLib.java:12)
at com.actitime.generic.FileLib.getpropertyData(FileLib.java:12)
at com.actitime.generic.FileLib.getpropertyData(FileLib.java:12)
at com.actitime.generic.FileLib.getpropertyData(FileLib.java:12)
at com.actitime.generic.FileLib.getpropertyData(FileLib.java:12)
at com.actitime.generic.FileLib.getpropertyData(FileLib.java:12)
at com.actitime.generic.FileLib.getpropertyData(FileLib.java:12)
at com.actitime.generic.FileLib.getpropertyData(FileLib.java:12)
at com.actitime.generic.FileLib.getpropertyData(FileLib.java:12)
at com.actitime.generic.FileLib.getpropertyData(FileLib.java:12)
at com.actitime.generic.FileLib.getpropertyData(FileLib.java:12)
at com.actitime.generic.FileLib.getpropertyData(FileLib.java:12)
at com.actitime.generic.FileLib.getpropertyData(FileLib.java:12)
at com.actitime.generic.FileLib.getpropertyData(FileLib.java:12)
at com.actitime.generic.FileLib.getpropertyData(FileLib.java:12)
at com.actitime.generic.FileLib.getpropertyData(FileLib.java:12)
at com.actitime.generic.FileLib.getpropertyData(FileLib.java:12)
at com.actitime.generic.FileLib.getpropertyData(FileLib.java:12)
at com.actitime.generic.FileLib.getpropertyData(FileLib.java:12)
at com.actitime.generic.FileLib.getpropertyData(FileLib.java:12)
at com.actitime.generic.FileLib.getpropertyData(FileLib.java:12)
at com.actitime.generic.FileLib.getpropertyData(FileLib.java:12)
at com.actitime.generic.FileLib.getpropertyData(FileLib.java:12)
at com.actitime.generic.FileLib.getpropertyData(FileLib.java:12)
at com.actitime.generic.FileLib.getpropertyData(FileLib.java:12)
at com.actitime.generic.FileLib.getpropertyData(FileLib.java:12)
at com.actitime.generic.FileLib.getpropertyData(FileLib.java:12)
at com.actitime.generic.FileLib.getpropertyData(FileLib.java:12)
at com.actitime.generic.FileLib.getpropertyData(FileLib.java:12)
at com.actitime.generic.FileLib.getpropertyData(FileLib.java:12)
at com.actitime.generic.FileLib.getpropertyData(FileLib.java:12)
at com.actitime.generic.FileLib.getpropertyData(FileLib.java:12)
at com.actitime.generic.FileLib.getpropertyData(FileLib.java:12)
at com.actitime.generic.FileLib.getpropertyData(FileLib.java:12)
at com.actitime.generic.FileLib.getpropertyData(FileLib.java:12)
at com.actitime.generic.FileLib.getpropertyData(FileLib.java:12)
at com.actitime.generic.FileLib.getpropertyData(FileLib.java:12)
at com.actitime.generic.FileLib.getpropertyData(FileLib.java:12)
at com.actitime.generic.FileLib.getpropertyData(FileLib.java:12)
at com.actitime.generic.FileLib.getpropertyData(FileLib.java:12)
at com.actitime.generic.FileLib.getpropertyData(FileLib.java:12)
at com.actitime.generic.FileLib.getpropertyData(FileLib.java:12)
at com.actitime.generic.FileLib.getpropertyData(FileLib.java:12)
at com.actitime.generic.FileLib.getpropertyData(FileLib.java:12)
at com.actitime.generic.FileLib.getpropertyData(FileLib.java:12)
at com.actitime.generic.FileLib.getpropertyData(FileLib.java:12)
at com.actitime.generic.FileLib.getpropertyData(FileLib.java:12)
at com.actitime.generic.FileLib.getpropertyData(FileLib.java:12)
at com.actitime.generic.FileLib.getpropertyData(FileLib.java:12)
at com.actitime.generic.FileLib.getpropertyData(FileLib.java:12)
at com.actitime.generic.FileLib.getpropertyData(FileLib.java:12)
at com.actitime.generic.FileLib.getpropertyData(FileLib.java:12)
at com.actitime.generic.FileLib.getpropertyData(FileLib.java:12)
at com.actitime.generic.FileLib.getpropertyData(FileLib.java:12)
at com.actitime.generic.FileLib.getpropertyData(FileLib.java:12)
at com.actitime.generic.FileLib.getpropertyData(FileLib.java:12)
at com.actitime.generic.FileLib.getpropertyData(FileLib.java:12)
at com.actitime.generic.FileLib.getpropertyData(FileLib.java:12)
at com.actitime.generic.FileLib.getpropertyData(FileLib.java:12)
at com.actitime.generic.FileLib.getpropertyData(FileLib.java:12)
at com.actitime.generic.FileLib.getpropertyData(FileLib.java:12)
at com.actitime.generic.FileLib.getpropertyData(FileLib.java:12)
at com.actitime.generic.FileLib.getpropertyData(FileLib.java:12)
at com.actitime.generic.FileLib.getpropertyData(FileLib.java:12)
at com.actitime.generic.FileLib.getpropertyData(FileLib.java:12)
at com.actitime.generic.FileLib.getpropertyData(FileLib.java:12)
at com.actitime.generic.FileLib.getpropertyData(FileLib.java:12)
at com.actitime.generic.FileLib.getpropertyData(FileLib.java:12)
at com.actitime.generic.FileLib.getpropertyData(FileLib.java:12)
at com.actitime.generic.FileLib.getpropertyData(FileLib.java:12)
[...]
at com.actitime.generic.FileLib.getpropertyData(FileLib.java:12)
at com.actitime.generic.FileLib.getpropertyData(FileLib.java:12)
at com.actitime.generic.FileLib.getpropertyData(FileLib.java:12)
at com.actitime.generic.FileLib.getpropertyData(FileLib.java:12)
at com.actitime.generic.FileLib.getpropertyData(FileLib.java:12)
at com.actitime.generic.FileLib.getpropertyData(FileLib.java:12)
at com.actitime.generic.FileLib.getpropertyData(FileLib.java:12)
at com.actitime.generic.FileLib.getpropertyData(FileLib.java:12)
at com.actitime.generic.FileLib.getpropertyData(FileLib.java:12)
at com.actitime.generic.FileLib.getpropertyData(FileLib.java:12)
at com.actitime.generic.FileLib.getpropertyData(FileLib.java:12)
at com.actitime.generic.FileLib.getpropertyData(FileLib.java:12)
at com.actitime.generic.FileLib.getpropertyData(FileLib.java:12)
at com.actitime.generic.FileLib.getpropertyData(FileLib.java:12)
at com.actitime.generic.FileLib.getpropertyData(FileLib.java:12)
at com.actitime.generic.FileLib.getpropertyData(FileLib.java:12)
at com.actitime.generic.FileLib.getpropertyData(FileLib.java:12)
at com.actitime.generic.FileLib.getpropertyData(FileLib.java:12)
at com.actitime.generic.FileLib.getpropertyData(FileLib.java:12)
at com.actitime.generic.FileLib.getpropertyData(FileLib.java:12)
at com.actitime.generic.FileLib.getpropertyData(FileLib.java:12)
at com.actitime.generic.FileLib.getpropertyData(FileLib.java:12)
at com.actitime.generic.FileLib.getpropertyData(FileLib.java:12)
at com.actitime.generic.FileLib.getpropertyData(FileLib.java:12)
at com.actitime.generic.FileLib.getpropertyData(FileLib.java:12)
at com.actitime.generic.FileLib.getpropertyData(FileLib.java:12)
at com.actitime.generic.FileLib.getpropertyData(FileLib.java:12)
at com.actitime.generic.FileLib.getpropertyData(FileLib.java:12)
at com.actitime.generic.FileLib.getpropertyData(FileLib.java:12)
at com.actitime.generic.FileLib.getpropertyData(FileLib.java:12)
at com.actitime.generic.FileLib.getpropertyData(FileLib.java:12)
at com.actitime.generic.FileLib.getpropertyData(FileLib.java:12)
at com.actitime.generic.FileLib.getpropertyData(FileLib.java:12)
at com.actitime.generic.FileLib.getpropertyData(FileLib.java:12)
at com.actitime.generic.FileLib.getpropertyData(FileLib.java:12)
at com.actitime.generic.FileLib.getpropertyData(FileLib.java:12)
at com.actitime.generic.FileLib.getpropertyData(FileLib.java:12)
at com.actitime.generic.FileLib.getpropertyData(FileLib.java:12)
at com.actitime.generic.FileLib.getpropertyData(FileLib.java:12)
at com.actitime.generic.FileLib.getpropertyData(FileLib.java:12)
at com.actitime.generic.FileLib.getpropertyData(FileLib.java:12)
at com.actitime.generic.FileLib.getpropertyData(FileLib.java:12)
at com.actitime.generic.FileLib.getpropertyData(FileLib.java:12)
at com.actitime.generic.FileLib.getpropertyData(FileLib.java:12)
at com.actitime.generic.FileLib.getpropertyData(FileLib.java:12)
at com.actitime.generic.FileLib.getpropertyData(FileLib.java:12)
at com.actitime.generic.FileLib.getpropertyData(FileLib.java:12)
at com.actitime.generic.FileLib.getpropertyData(FileLib.java:12)
at com.actitime.generic.FileLib.getpropertyData(FileLib.java:12)
at com.actitime.generic.FileLib.getpropertyData(FileLib.java:12)
at com.actitime.generic.FileLib.getpropertyData(FileLib.java:12)
at com.actitime.generic.FileLib.getpropertyData(FileLib.java:12)
at com.actitime.generic.FileLib.getpropertyData(FileLib.java:12)
at com.actitime.generic.FileLib.getpropertyData(FileLib.java:12)
at com.actitime.generic.FileLib.getpropertyData(FileLib.java:12)
at com.actitime.generic.FileLib.getpropertyData(FileLib.java:12)
at com.actitime.generic.FileLib.getpropertyData(FileLib.java:12)
at com.actitime.generic.FileLib.getpropertyData(FileLib.java:12)
at com.actitime.generic.FileLib.getpropertyData(FileLib.java:12)
at com.actitime.generic.FileLib.getpropertyData(FileLib.java:12)
at com.actitime.generic.FileLib.getpropertyData(FileLib.java:12)
at com.actitime.generic.FileLib.getpropertyData(FileLib.java:12)
at com.actitime.generic.FileLib.getpropertyData(FileLib.java:12)
at com.actitime.generic.FileLib.getpropertyData(FileLib.java:12)
at com.actitime.generic.FileLib.getpropertyData(FileLib.java:12)
at com.actitime.generic.FileLib.getpropertyData(FileLib.java:12)
at com.actitime.generic.FileLib.getpropertyData(FileLib.java:12)
at com.actitime.generic.FileLib.getpropertyData(FileLib.java:12)
at com.actitime.generic.FileLib.getpropertyData(FileLib.java:12)
at com.actitime.generic.FileLib.getpropertyData(FileLib.java:12)
at com.actitime.generic.FileLib.getpropertyData(FileLib.java:12)
at com.actitime.generic.FileLib.getpropertyData(FileLib.java:12)
at com.actitime.generic.FileLib.getpropertyData(FileLib.java:12)
at com.actitime.generic.FileLib.getpropertyData(FileLib.java:12)
at com.actitime.generic.FileLib.getpropertyData(FileLib.java:12)
at com.actitime.generic.FileLib.getpropertyData(FileLib.java:12)
at com.actitime.generic.FileLib.getpropertyData(FileLib.java:12)
at com.actitime.generic.FileLib.getpropertyData(FileLib.java:12)
at com.actitime.generic.FileLib.getpropertyData(FileLib.java:12)
at com.actitime.generic.FileLib.getpropertyData(FileLib.java:12)
at com.actitime.generic.FileLib.getpropertyData(FileLib.java:12)
at com.actitime.generic.FileLib.getpropertyData(FileLib.java:12)
at com.actitime.generic.FileLib.getpropertyData(FileLib.java:12)
at com.actitime.generic.FileLib.getpropertyData(FileLib.java:12)
at com.actitime.generic.FileLib.getpropertyData(FileLib.java:12)
at com.actitime.generic.FileLib.getpropertyData(FileLib.java:12)
at com.actitime.generic.FileLib.getpropertyData(FileLib.java:12)
at com.actitime.generic.FileLib.getpropertyData(FileLib.java:12)
at com.actitime.generic.FileLib.getpropertyData(FileLib.java:12)
at com.actitime.generic.FileLib.getpropertyData(FileLib.java:12)
at com.actitime.generic.FileLib.getpropertyData(FileLib.java:12)
at com.actitime.generic.FileLib.getpropertyData(FileLib.java:12)
at com.actitime.generic.FileLib.getpropertyData(FileLib.java:12)
at com.actitime.generic.FileLib.getpropertyData(FileLib.java:12)
at com.actitime.generic.FileLib.getpropertyData(FileLib.java:12)
at com.actitime.generic.FileLib.getpropertyData(FileLib.java:12)
at com.actitime.generic.FileLib.getpropertyData(FileLib.java:12)
at com.actitime.generic.FileLib.getpropertyData(FileLib.java:12)
at com.actitime.generic.FileLib.getpropertyData(FileLib.java:12)
at com.actitime.generic.FileLib.getpropertyData(FileLib.java:12)
at com.actitime.generic.FileLib.getpropertyData(FileLib.java:12)
at com.actitime.generic.FileLib.getpropertyData(FileLib.java:12)
at com.actitime.generic.FileLib.getpropertyData(FileLib.java:12)
at com.actitime.generic.FileLib.getpropertyData(FileLib.java:12)
at com.actitime.generic.FileLib.getpropertyData(FileLib.java:12)
at com.actitime.generic.FileLib.getpropertyData(FileLib.java:12)
at com.actitime.generic.FileLib.getpropertyData(FileLib.java:12)
at com.actitime.generic.FileLib.getpropertyData(FileLib.java:12)
at com.actitime.generic.FileLib.getpropertyData(FileLib.java:12)
at com.actitime.generic.FileLib.getpropertyData(FileLib.java:12)
at com.actitime.generic.FileLib.getpropertyData(FileLib.java:12)
at com.actitime.generic.FileLib.getpropertyData(FileLib.java:12)
at com.actitime.generic.FileLib.getpropertyData(FileLib.java:12)
at com.actitime.generic.FileLib.getpropertyData(FileLib.java:12)
at com.actitime.generic.FileLib.getpropertyData(FileLib.java:12)
at com.actitime.generic.FileLib.getpropertyData(FileLib.java:12)
at com.actitime.generic.FileLib.getpropertyData(FileLib.java:12)
at com.actitime.generic.FileLib.getpropertyData(FileLib.java:12)
at com.actitime.generic.FileLib.getpropertyData(FileLib.java:12)
at com.actitime.generic.FileLib.getpropertyData(FileLib.java:12)
at com.actitime.generic.FileLib.getpropertyData(FileLib.java:12)
at com.actitime.generic.FileLib.getpropertyData(FileLib.java:12)
at com.actitime.generic.FileLib.getpropertyData(FileLib.java:12)
at com.actitime.generic.FileLib.getpropertyData(FileLib.java:12)
at com.actitime.generic.FileLib.getpropertyData(FileLib.java:12)
at com.actitime.generic.FileLib.getpropertyData(FileLib.java:12)
at com.actitime.generic.FileLib.getpropertyData(FileLib.java:12)
at com.actitime.generic.FileLib.getpropertyData(FileLib.java:12)
at com.actitime.generic.FileLib.getpropertyData(FileLib.java:12)
at com.actitime.generic.FileLib.getpropertyData(FileLib.java:12)
at com.actitime.generic.FileLib.getpropertyData(FileLib.java:12)
at com.actitime.generic.FileLib.getpropertyData(FileLib.java:12)
at com.actitime.generic.FileLib.getpropertyData(FileLib.java:12)
at com.actitime.generic.FileLib.getpropertyData(FileLib.java:12)
at com.actitime.generic.FileLib.getpropertyData(FileLib.java:12)
at com.actitime.generic.FileLib.getpropertyData(FileLib.java:12)
at com.actitime.generic.FileLib.getpropertyData(FileLib.java:12)
at com.actitime.generic.FileLib.getpropertyData(FileLib.java:12)
at com.actitime.generic.FileLib.getpropertyData(FileLib.java:12)
at com.actitime.generic.FileLib.getpropertyData(FileLib.java:12)
at com.actitime.generic.FileLib.getpropertyData(FileLib.java:12)
at com.actitime.generic.FileLib.getpropertyData(FileLib.java:12)
at com.actitime.generic.FileLib.getpropertyData(FileLib.java:12)
at com.actitime.generic.FileLib.getpropertyData(FileLib.java:12)
at com.actitime.generic.FileLib.getpropertyData(FileLib.java:12)
at com.actitime.generic.FileLib.getpropertyData(FileLib.java:12)
at com.actitime.generic.FileLib.getpropertyData(FileLib.java:12)
at com.actitime.generic.FileLib.getpropertyData(FileLib.java:12)
at com.actitime.generic.FileLib.getpropertyData(FileLib.java:12)
at com.actitime.generic.FileLib.getpropertyData(FileLib.java:12)
at com.actitime.generic.FileLib.getpropertyData(FileLib.java:12)
at com.actitime.generic.FileLib.getpropertyData(FileLib.java:12)
at com.actitime.generic.FileLib.getpropertyData(FileLib.java:12)
at com.actitime.generic.FileLib.getpropertyData(FileLib.java:12)
at com.actitime.generic.FileLib.getpropertyData(FileLib.java:12)
at com.actitime.generic.FileLib.getpropertyData(FileLib.java:12)
at com.actitime.generic.FileLib.getpropertyData(FileLib.java:12)
at com.actitime.generic.FileLib.getpropertyData(FileLib.java:12)
at com.actitime.generic.FileLib.getpropertyData(FileLib.java:12)
at com.actitime.generic.FileLib.getpropertyData(FileLib.java:12)
at com.actitime.generic.FileLib.getpropertyData(FileLib.java:12)
at com.actitime.generic.FileLib.getpropertyData(FileLib.java:12)
at com.actitime.generic.FileLib.getpropertyData(FileLib.java:12)
at com.actitime.generic.FileLib.getpropertyData(FileLib.java:12)
at com.actitime.generic.FileLib.getpropertyData(FileLib.java:12)
at com.actitime.generic.FileLib.getpropertyData(FileLib.java:12)
at com.actitime.generic.FileLib.getpropertyData(FileLib.java:12)
at com.actitime.generic.FileLib.getpropertyData(FileLib.java:12)
at com.actitime.generic.FileLib.getpropertyData(FileLib.java:12)
at com.actitime.generic.FileLib.getpropertyData(FileLib.java:12)
at com.actitime.generic.FileLib.getpropertyData(FileLib.java:12)
at com.actitime.generic.FileLib.getpropertyData(FileLib.java:12)
at com.actitime.generic.FileLib.getpropertyData(FileLib.java:12)
at com.actitime.generic.FileLib.getpropertyData(FileLib.java:12)
at com.actitime.generic.FileLib.getpropertyData(FileLib.java:12)
at com.actitime.generic.FileLib.getpropertyData(FileLib.java:12)
at com.actitime.generic.FileLib.getpropertyData(FileLib.java:12)
at com.actitime.generic.FileLib.getpropertyData(FileLib.java:12)
at com.actitime.generic.FileLib.getpropertyData(FileLib.java:12)
at com.actitime.generic.FileLib.getpropertyData(FileLib.java:12)
at com.actitime.generic.FileLib.getpropertyData(FileLib.java:12)
at com.actitime.generic.FileLib.getpropertyData(FileLib.java:12)
at com.actitime.generic.FileLib.getpropertyData(FileLib.java:12)
at com.actitime.generic.FileLib.getpropertyData(FileLib.java:12)
at com.actitime.generic.FileLib.getpropertyData(FileLib.java:12)
at com.actitime.generic.FileLib.getpropertyData(FileLib.java:12)
at com.actitime.generic.FileLib.getpropertyData(FileLib.java:12)
at com.actitime.generic.FileLib.getpropertyData(FileLib.java:12)
at com.actitime.generic.FileLib.getpropertyData(FileLib.java:12)
at com.actitime.generic.FileLib.getpropertyData(FileLib.java:12)
at com.actitime.generic.FileLib.getpropertyData(FileLib.java:12)
at com.actitime.generic.FileLib.getpropertyData(FileLib.java:12)
at com.actitime.generic.FileLib.getpropertyData(FileLib.java:12)
at com.actitime.generic.FileLib.getpropertyData(FileLib.java:12)
at com.actitime.generic.FileLib.getpropertyData(FileLib.java:12)
at com.actitime.generic.FileLib.getpropertyData(FileLib.java:12)
at com.actitime.generic.FileLib.getpropertyData(FileLib.java:12)
at com.actitime.generic.FileLib.getpropertyData(FileLib.java:12)
at com.actitime.generic.FileLib.getpropertyData(FileLib.java:12)
at com.actitime.generic.FileLib.getpropertyData(FileLib.java:12)
at com.actitime.generic.FileLib.getpropertyData(FileLib.java:12)
at com.actitime.generic.FileLib.getpropertyData(FileLib.java:12)
at com.actitime.generic.FileLib.getpropertyData(FileLib.java:12)
at com.actitime.generic.FileLib.getpropertyData(FileLib.java:12)
at com.actitime.generic.FileLib.getpropertyData(FileLib.java:12)
at com.actitime.generic.FileLib.getpropertyData(FileLib.java:12)
at com.actitime.generic.FileLib.getpropertyData(FileLib.java:12)
at com.actitime.generic.FileLib.getpropertyData(FileLib.java:12)
at com.actitime.generic.FileLib.getpropertyData(FileLib.java:12)
at com.actitime.generic.FileLib.getpropertyData(FileLib.java:12)
at com.actitime.generic.FileLib.getpropertyData(FileLib.java:12)
at com.actitime.generic.FileLib.getpropertyData(FileLib.java:12)
at com.actitime.generic.FileLib.getpropertyData(FileLib.java:12)
at com.actitime.generic.FileLib.getpropertyData(FileLib.java:12)
at com.actitime.generic.FileLib.getpropertyData(FileLib.java:12)
at com.actitime.generic.FileLib.getpropertyData(FileLib.java:12)
at com.actitime.generic.FileLib.getpropertyData(FileLib.java:12)
at com.actitime.generic.FileLib.getpropertyData(FileLib.java:12)
at com.actitime.generic.FileLib.getpropertyData(FileLib.java:12)
at com.actitime.generic.FileLib.getpropertyData(FileLib.java:12)
at com.actitime.generic.FileLib.getpropertyData(FileLib.java:12)
at com.actitime.generic.FileLib.getpropertyData(FileLib.java:12)
at com.actitime.generic.FileLib.getpropertyData(FileLib.java:12)
at com.actitime.generic.FileLib.getpropertyData(FileLib.java:12)
at com.actitime.generic.FileLib.getpropertyData(FileLib.java:12)
at com.actitime.generic.FileLib.getpropertyData(FileLib.java:12)
at com.actitime.generic.FileLib.getpropertyData(FileLib.java:12)
at com.actitime.generic.FileLib.getpropertyData(FileLib.java:12)
at com.actitime.generic.FileLib.getpropertyData(FileLib.java:12)
at com.actitime.generic.FileLib.getpropertyData(FileLib.java:12)
at com.actitime.generic.FileLib.getpropertyData(FileLib.java:12)
at com.actitime.generic.FileLib.getpropertyData(FileLib.java:12)
at com.actitime.generic.FileLib.getpropertyData(FileLib.java:12)
at com.actitime.generic.FileLib.getpropertyData(FileLib.java:12)
at com.actitime.generic.FileLib.getpropertyData(FileLib.java:12)
at com.actitime.generic.FileLib.getpropertyData(FileLib.java:12)
at com.actitime.generic.FileLib.getpropertyData(FileLib.java:12)
at com.actitime.generic.FileLib.getpropertyData(FileLib.java:12)
at com.actitime.generic.FileLib.getpropertyData(FileLib.java:12)
at com.actitime.generic.FileLib.getpropertyData(FileLib.java:12)
at com.actitime.generic.FileLib.getpropertyData(FileLib.java:12)
at com.actitime.generic.FileLib.getpropertyData(FileLib.java:12)
at com.actitime.generic.FileLib.getpropertyData(FileLib.java:12)
at com.actitime.generic.FileLib.getpropertyData(FileLib.java:12)
at com.actitime.generic.FileLib.getpropertyData(FileLib.java:12)
at com.actitime.generic.FileLib.getpropertyData(FileLib.java:12)
at com.actitime.generic.FileLib.getpropertyData(FileLib.java:12)
at com.actitime.generic.FileLib.getpropertyData(FileLib.java:12)
at com.actitime.generic.FileLib.getpropertyData(FileLib.java:12)
at com.actitime.generic.FileLib.getpropertyData(FileLib.java:12)
at com.actitime.generic.FileLib.getpropertyData(FileLib.java:12)
at com.actitime.generic.FileLib.getpropertyData(FileLib.java:12)
at com.actitime.generic.FileLib.getpropertyData(FileLib.java:12)
at com.actitime.generic.FileLib.getpropertyData(FileLib.java:12)
at com.actitime.generic.FileLib.getpropertyData(FileLib.java:12)
at com.actitime.generic.FileLib.getpropertyData(FileLib.java:12)
at com.actitime.generic.FileLib.getpropertyData(FileLib.java:12)
at com.actitime.generic.FileLib.getpropertyData(FileLib.java:12)
at com.actitime.generic.FileLib.getpropertyData(FileLib.java:12)
at com.actitime.generic.FileLib.getpropertyData(FileLib.java:12)
at com.actitime.generic.FileLib.getpropertyData(FileLib.java:12)
at com.actitime.generic.FileLib.getpropertyData(FileLib.java:12)
at com.actitime.generic.FileLib.getpropertyData(FileLib.java:12)
at com.actitime.generic.FileLib.getpropertyData(FileLib.java:12)
at com.actitime.generic.FileLib.getpropertyData(FileLib.java:12)
at com.actitime.generic.FileLib.getpropertyData(FileLib.java:12)
at com.actitime.generic.FileLib.getpropertyData(FileLib.java:12)
at com.actitime.generic.FileLib.getpropertyData(FileLib.java:12)
at com.actitime.generic.FileLib.getpropertyData(FileLib.java:12)
at com.actitime.generic.FileLib.getpropertyData(FileLib.java:12)
at com.actitime.generic.FileLib.getpropertyData(FileLib.java:12)
at com.actitime.generic.FileLib.getpropertyData(FileLib.java:12)
at com.actitime.generic.FileLib.getpropertyData(FileLib.java:12)
at com.actitime.generic.FileLib.getpropertyData(FileLib.java:12)
at com.actitime.generic.FileLib.getpropertyData(FileLib.java:12)
at com.actitime.generic.FileLib.getpropertyData(FileLib.java:12)
at com.actitime.generic.FileLib.getpropertyData(FileLib.java:12)
at com.actitime.generic.FileLib.getpropertyData(FileLib.java:12)
at com.actitime.generic.FileLib.getpropertyData(FileLib.java:12)
at com.actitime.generic.FileLib.getpropertyData(FileLib.java:12)
at com.actitime.generic.FileLib.getpropertyData(FileLib.java:12)
at com.actitime.generic.FileLib.getpropertyData(FileLib.java:12)
at com.actitime.generic.FileLib.getpropertyData(FileLib.java:12)
at com.actitime.generic.FileLib.getpropertyData(FileLib.java:12)
at com.actitime.generic.FileLib.getpropertyData(FileLib.java:12)
at com.actitime.generic.FileLib.getpropertyData(FileLib.java:12)
at com.actitime.generic.FileLib.getpropertyData(FileLib.java:12)
at com.actitime.generic.FileLib.getpropertyData(FileLib.java:12)
at com.actitime.generic.FileLib.getpropertyData(FileLib.java:12)
at com.actitime.generic.FileLib.getpropertyData(FileLib.java:12)
]]>
            </full-stacktrace>
          </exception> <!-- java.lang.StackOverflowError -->
          <reporter-output>
          </reporter-output>
        </test-method> <!-- testTaskModule -->
        <test-method is-config="true" signature="Logout()[pri:0, instance:com.actitime.testscript.TaskModule@72f926e6]" started-at="2023-04-06T16:15:06 IST" name="Logout" finished-at="1970-01-01T05:30:00 IST" duration-ms="-1680777906529" status="SKIP">
          <reporter-output>
          </reporter-output>
        </test-method> <!-- Logout -->
        <test-method is-config="true" signature="CloseBrowser()[pri:0, instance:com.actitime.testscript.TaskModule@72f926e6]" started-at="2023-04-06T16:15:06 IST" name="CloseBrowser" finished-at="2023-04-06T16:15:06 IST" duration-ms="326" status="PASS">
          <reporter-output>
            <line>
              <![CDATA[Close Browser]]>
            </line>
          </reporter-output>
        </test-method> <!-- CloseBrowser -->
      </class> <!-- com.actitime.testscript.TaskModule -->
    </test> <!-- Default test -->
  </suite> <!-- Default suite -->
</testng-results>
