<?xml version="1.0" encoding="UTF-8"?>
<!-- Generated by org.testng.reporters.JUnitXMLReporter -->
<testsuite ignored="0" hostname="DESKTOP-K5FUSRT" failures="0" tests="1" name="Default test" time="4.196" errors="0" timestamp="2023-04-06T16:15:06 IST">
  <testcase classname="com.actitime.generic.BaseClass" name="@BeforeMethod Login" time="0.504">
    <failure type="java.lang.StackOverflowError">
      <![CDATA[java.lang.StackOverflowError
at java.base/java.io.FileInputStream.open(FileInputStream.java:217)
at java.base/java.io.FileInputStream.<init>(FileInputStream.java:158)
at java.base/java.io.FileInputStream.<init>(FileInputStream.java:112)
at com.actitime.generic.FileLib.getpropertyData(FileLib.java:9)
at com.actitime.generic.FileLib.getpropertyData(FileLib.java:12)
at com.actitime.generic.FileLib.getpropertyData(FileLib.java:12)
at com.actitime.generic.FileLib.getpropertyData(FileLib.java:12)
at com.actitime.generic.FileLib.getpropertyData(FileLib.java:12)
at com.actitime.generic.FileLib.getpropertyData(FileLib.java:12)
at com.actitime.generic.FileLib.getpropertyData(FileLib.java:12)
at com.actitime.generic.FileLib.getpropertyData(FileLib.java:12)
at com.actitime.generic.FileLib.getpropertyData(FileLib.java:12)
at com.actitime.generic.FileLib.getpropertyData(FileLib.java:12)
at com.actitime.generic.FileLib.getpropertyData(FileLib.java:12)
at com.actitime.generic.FileLib.getpropertyData(FileLib.java:12)
at com.actitime.generic.FileLib.getpropertyData(FileLib.java:12)
at com.actitime.generic.FileLib.getpropertyData(FileLib.java:12)
at com.actitime.generic.FileLib.getpropertyData(FileLib.java:12)
at com.actitime.generic.FileLib.getpropertyData(FileLib.java:12)
at com.actitime.generic.FileLib.getpropertyData(FileLib.java:12)
at com.actitime.generic.FileLib.getpropertyData(FileLib.java:12)
at com.actitime.generic.FileLib.getpropertyData(FileLib.java:12)
at com.actitime.generic.FileLib.getpropertyData(FileLib.java:12)
at com.actitime.generic.FileLib.getpropertyData(FileLib.java:12)
at com.actitime.generic.FileLib.getpropertyData(FileLib.java:12)
at com.actitime.generic.FileLib.getpropertyData(FileLib.java:12)
at com.actitime.generic.FileLib.getpropertyData(FileLib.java:12)
at com.actitime.generic.FileLib.getpropertyData(FileLib.java:12)
at com.actitime.generic.FileLib.getpropertyData(FileLib.java:12)
at com.actitime.generic.FileLib.getpropertyData(FileLib.java:12)
at com.actitime.generic.FileLib.getpropertyData(FileLib.java:12)
at com.actitime.generic.FileLib.getpropertyData(FileLib.java:12)
at com.actitime.generic.FileLib.getpropertyData(FileLib.java:12)
at com.actitime.generic.FileLib.getpropertyData(FileLib.java:12)
at com.actitime.generic.FileLib.getpropertyData(FileLib.java:12)
at com.actitime.generic.FileLib.getpropertyData(FileLib.java:12)
at com.actitime.generic.FileLib.getpropertyData(FileLib.java:12)
at com.actitime.generic.FileLib.getpropertyData(FileLib.java:12)
at com.actitime.generic.FileLib.getpropertyData(FileLib.java:12)
at com.actitime.generic.FileLib.getpropertyData(FileLib.java:12)
at com.actitime.generic.FileLib.getpropertyData(FileLib.java:12)
at com.actitime.generic.FileLib.getpropertyData(FileLib.java:12)
at com.actitime.generic.FileLib.getpropertyData(FileLib.java:12)
at com.actitime.generic.FileLib.getpropertyData(FileLib.java:12)
at com.actitime.generic.FileLib.getpropertyData(FileLib.java:12)
at com.actitime.generic.FileLib.getpropertyData(FileLib.java:12)
at com.actitime.generic.FileLib.getpropertyData(FileLib.java:12)
at com.actitime.generic.FileLib.getpropertyData(FileLib.java:12)
at com.actitime.generic.FileLib.getpropertyData(FileLib.java:12)
at com.actitime.generic.FileLib.getpropertyData(FileLib.java:12)
at com.actitime.generic.FileLib.getpropertyData(FileLib.java:12)
at com.actitime.generic.FileLib.getpropertyData(FileLib.java:12)
at com.actitime.generic.FileLib.getpropertyData(FileLib.java:12)
at com.actitime.generic.FileLib.getpropertyData(FileLib.java:12)
at com.actitime.generic.FileLib.getpropertyData(FileLib.java:12)
at com.actitime.generic.FileLib.getpropertyData(FileLib.java:12)
at com.actitime.generic.FileLib.getpropertyData(FileLib.java:12)
at com.actitime.generic.FileLib.getpropertyData(FileLib.java:12)
at com.actitime.generic.FileLib.getpropertyData(FileLib.java:12)
at com.actitime.generic.FileLib.getpropertyData(FileLib.java:12)
at com.actitime.generic.FileLib.getpropertyData(FileLib.java:12)
at com.actitime.generic.FileLib.getpropertyData(FileLib.java:12)
at com.actitime.generic.FileLib.getpropertyData(FileLib.java:12)
at com.actitime.generic.FileLib.getpropertyData(FileLib.java:12)
at com.actitime.generic.FileLib.getpropertyData(FileLib.java:12)
at com.actitime.generic.FileLib.getpropertyData(FileLib.java:12)
at com.actitime.generic.FileLib.getpropertyData(FileLib.java:12)
at com.actitime.generic.FileLib.getpropertyData(FileLib.java:12)
at com.actitime.generic.FileLib.getpropertyData(FileLib.java:12)
at com.actitime.generic.FileLib.getpropertyData(FileLib.java:12)
at com.actitime.generic.FileLib.getpropertyData(FileLib.java:12)
at com.actitime.generic.FileLib.getpropertyData(FileLib.java:12)
at com.actitime.generic.FileLib.getpropertyData(FileLib.java:12)
at com.actitime.generic.FileLib.getpropertyData(FileLib.java:12)
at com.actitime.generic.FileLib.getpropertyData(FileLib.java:12)
at com.actitime.generic.FileLib.getpropertyData(FileLib.java:12)
at com.actitime.generic.FileLib.getpropertyData(FileLib.java:12)
at com.actitime.generic.FileLib.getpropertyData(FileLib.java:12)
at com.actitime.generic.FileLib.getpropertyData(FileLib.java:12)
at com.actitime.generic.FileLib.getpropertyData(FileLib.java:12)
at com.actitime.generic.FileLib.getpropertyData(FileLib.java:12)
at com.actitime.generic.FileLib.getpropertyData(FileLib.java:12)
at com.actitime.generic.FileLib.getpropertyData(FileLib.java:12)
at com.actitime.generic.FileLib.getpropertyData(FileLib.java:12)
at com.actitime.generic.FileLib.getpropertyData(FileLib.java:12)
at com.actitime.generic.FileLib.getpropertyData(FileLib.java:12)
at com.actitime.generic.FileLib.getpropertyData(FileLib.java:12)
at com.actitime.generic.FileLib.getpropertyData(FileLib.java:12)
at com.actitime.generic.FileLib.getpropertyData(FileLib.java:12)
at com.actitime.generic.FileLib.getpropertyData(FileLib.java:12)
at com.actitime.generic.FileLib.getpropertyData(FileLib.java:12)
at com.actitime.generic.FileLib.getpropertyData(FileLib.java:12)
at com.actitime.generic.FileLib.getpropertyData(FileLib.java:12)
at com.actitime.generic.FileLib.getpropertyData(FileLib.java:12)
at com.actitime.generic.FileLib.getpropertyData(FileLib.java:12)
at com.actitime.generic.FileLib.getpropertyData(FileLib.java:12)
at com.actitime.generic.FileLib.getpropertyData(FileLib.java:12)
at com.actitime.generic.FileLib.getpropertyData(FileLib.java:12)
at com.actitime.generic.FileLib.getpropertyData(FileLib.java:12)
at com.actitime.generic.FileLib.getpropertyData(FileLib.java:12)
at com.actitime.generic.FileLib.getpropertyData(FileLib.java:12)
at com.actitime.generic.FileLib.getpropertyData(FileLib.java:12)
at com.actitime.generic.FileLib.getpropertyData(FileLib.java:12)
at com.actitime.generic.FileLib.getpropertyData(FileLib.java:12)
at com.actitime.generic.FileLib.getpropertyData(FileLib.java:12)
at com.actitime.generic.FileLib.getpropertyData(FileLib.java:12)
at com.actitime.generic.FileLib.getpropertyData(FileLib.java:12)
at com.actitime.generic.FileLib.getpropertyData(FileLib.java:12)
at com.actitime.generic.FileLib.getpropertyData(FileLib.java:12)
at com.actitime.generic.FileLib.getpropertyData(FileLib.java:12)
at com.actitime.generic.FileLib.getpropertyData(FileLib.java:12)
at com.actitime.generic.FileLib.getpropertyData(FileLib.java:12)
at com.actitime.generic.FileLib.getpropertyData(FileLib.java:12)
at com.actitime.generic.FileLib.getpropertyData(FileLib.java:12)
at com.actitime.generic.FileLib.getpropertyData(FileLib.java:12)
at com.actitime.generic.FileLib.getpropertyData(FileLib.java:12)
at com.actitime.generic.FileLib.getpropertyData(FileLib.java:12)
at com.actitime.generic.FileLib.getpropertyData(FileLib.java:12)
at com.actitime.generic.FileLib.getpropertyData(FileLib.java:12)
at com.actitime.generic.FileLib.getpropertyData(FileLib.java:12)
at com.actitime.generic.FileLib.getpropertyData(FileLib.java:12)
at com.actitime.generic.FileLib.getpropertyData(FileLib.java:12)
at com.actitime.generic.FileLib.getpropertyData(FileLib.java:12)
at com.actitime.generic.FileLib.getpropertyData(FileLib.java:12)
at com.actitime.generic.FileLib.getpropertyData(FileLib.java:12)
at com.actitime.generic.FileLib.getpropertyData(FileLib.java:12)
at com.actitime.generic.FileLib.getpropertyData(FileLib.java:12)
at com.actitime.generic.FileLib.getpropertyData(FileLib.java:12)
at com.actitime.generic.FileLib.getpropertyData(FileLib.java:12)
at com.actitime.generic.FileLib.getpropertyData(FileLib.java:12)
at com.actitime.generic.FileLib.getpropertyData(FileLib.java:12)
at com.actitime.generic.FileLib.getpropertyData(FileLib.java:12)
at com.actitime.generic.FileLib.getpropertyData(FileLib.java:12)
at com.actitime.generic.FileLib.getpropertyData(FileLib.java:12)
at com.actitime.generic.FileLib.getpropertyData(FileLib.java:12)
at com.actitime.generic.FileLib.getpropertyData(FileLib.java:12)
at com.actitime.generic.FileLib.getpropertyData(FileLib.java:12)
at com.actitime.generic.FileLib.getpropertyData(FileLib.java:12)
at com.actitime.generic.FileLib.getpropertyData(FileLib.java:12)
at com.actitime.generic.FileLib.getpropertyData(FileLib.java:12)
at com.actitime.generic.FileLib.getpropertyData(FileLib.java:12)
at com.actitime.generic.FileLib.getpropertyData(FileLib.java:12)
at com.actitime.generic.FileLib.getpropertyData(FileLib.java:12)
at com.actitime.generic.FileLib.getpropertyData(FileLib.java:12)
at com.actitime.generic.FileLib.getpropertyData(FileLib.java:12)
at com.actitime.generic.FileLib.getpropertyData(FileLib.java:12)
at com.actitime.generic.FileLib.getpropertyData(FileLib.java:12)
at com.actitime.generic.FileLib.getpropertyData(FileLib.java:12)
at com.actitime.generic.FileLib.getpropertyData(FileLib.java:12)
at com.actitime.generic.FileLib.getpropertyData(FileLib.java:12)
at com.actitime.generic.FileLib.getpropertyData(FileLib.java:12)
at com.actitime.generic.FileLib.getpropertyData(FileLib.java:12)
at com.actitime.generic.FileLib.getpropertyData(FileLib.java:12)
at com.actitime.generic.FileLib.getpropertyData(FileLib.java:12)
at com.actitime.generic.FileLib.getpropertyData(FileLib.java:12)
at com.actitime.generic.FileLib.getpropertyData(FileLib.java:12)
at com.actitime.generic.FileLib.getpropertyData(FileLib.java:12)
at com.actitime.generic.FileLib.getpropertyData(FileLib.java:12)
at com.actitime.generic.FileLib.getpropertyData(FileLib.java:12)
at com.actitime.generic.FileLib.getpropertyData(FileLib.java:12)
at com.actitime.generic.FileLib.getpropertyData(FileLib.java:12)
at com.actitime.generic.FileLib.getpropertyData(FileLib.java:12)
at com.actitime.generic.FileLib.getpropertyData(FileLib.java:12)
at com.actitime.generic.FileLib.getpropertyData(FileLib.java:12)
at com.actitime.generic.FileLib.getpropertyData(FileLib.java:12)
at com.actitime.generic.FileLib.getpropertyData(FileLib.java:12)
at com.actitime.generic.FileLib.getpropertyData(FileLib.java:12)
at com.actitime.generic.FileLib.getpropertyData(FileLib.java:12)
at com.actitime.generic.FileLib.getpropertyData(FileLib.java:12)
at com.actitime.generic.FileLib.getpropertyData(FileLib.java:12)
at com.actitime.generic.FileLib.getpropertyData(FileLib.java:12)
at com.actitime.generic.FileLib.getpropertyData(FileLib.java:12)
at com.actitime.generic.FileLib.getpropertyData(FileLib.java:12)
at com.actitime.generic.FileLib.getpropertyData(FileLib.java:12)
at com.actitime.generic.FileLib.getpropertyData(FileLib.java:12)
at com.actitime.generic.FileLib.getpropertyData(FileLib.java:12)
at com.actitime.generic.FileLib.getpropertyData(FileLib.java:12)
at com.actitime.generic.FileLib.getpropertyData(FileLib.java:12)
at com.actitime.generic.FileLib.getpropertyData(FileLib.java:12)
at com.actitime.generic.FileLib.getpropertyData(FileLib.java:12)
at com.actitime.generic.FileLib.getpropertyData(FileLib.java:12)
at com.actitime.generic.FileLib.getpropertyData(FileLib.java:12)
at com.actitime.generic.FileLib.getpropertyData(FileLib.java:12)
at com.actitime.generic.FileLib.getpropertyData(FileLib.java:12)
at com.actitime.generic.FileLib.getpropertyData(FileLib.java:12)
at com.actitime.generic.FileLib.getpropertyData(FileLib.java:12)
at com.actitime.generic.FileLib.getpropertyData(FileLib.java:12)
at com.actitime.generic.FileLib.getpropertyData(FileLib.java:12)
at com.actitime.generic.FileLib.getpropertyData(FileLib.java:12)
at com.actitime.generic.FileLib.getpropertyData(FileLib.java:12)
at com.actitime.generic.FileLib.getpropertyData(FileLib.java:12)
at com.actitime.generic.FileLib.getpropertyData(FileLib.java:12)
at com.actitime.generic.FileLib.getpropertyData(FileLib.java:12)
at com.actitime.generic.FileLib.getpropertyData(FileLib.java:12)
at com.actitime.generic.FileLib.getpropertyData(FileLib.java:12)
at com.actitime.generic.FileLib.getpropertyData(FileLib.java:12)
at com.actitime.generic.FileLib.getpropertyData(FileLib.java:12)
at com.actitime.generic.FileLib.getpropertyData(FileLib.java:12)
at com.actitime.generic.FileLib.getpropertyData(FileLib.java:12)
at com.actitime.generic.FileLib.getpropertyData(FileLib.java:12)
at com.actitime.generic.FileLib.getpropertyData(FileLib.java:12)
at com.actitime.generic.FileLib.getpropertyData(FileLib.java:12)
at com.actitime.generic.FileLib.getpropertyData(FileLib.java:12)
at com.actitime.generic.FileLib.getpropertyData(FileLib.java:12)
at com.actitime.generic.FileLib.getpropertyData(FileLib.java:12)
at com.actitime.generic.FileLib.getpropertyData(FileLib.java:12)
at com.actitime.generic.FileLib.getpropertyData(FileLib.java:12)
at com.actitime.generic.FileLib.getpropertyData(FileLib.java:12)
at com.actitime.generic.FileLib.getpropertyData(FileLib.java:12)
at com.actitime.generic.FileLib.getpropertyData(FileLib.java:12)
at com.actitime.generic.FileLib.getpropertyData(FileLib.java:12)
at com.actitime.generic.FileLib.getpropertyData(FileLib.java:12)
at com.actitime.generic.FileLib.getpropertyData(FileLib.java:12)
at com.actitime.generic.FileLib.getpropertyData(FileLib.java:12)
at com.actitime.generic.FileLib.getpropertyData(FileLib.java:12)
at com.actitime.generic.FileLib.getpropertyData(FileLib.java:12)
at com.actitime.generic.FileLib.getpropertyData(FileLib.java:12)
at com.actitime.generic.FileLib.getpropertyData(FileLib.java:12)
at com.actitime.generic.FileLib.getpropertyData(FileLib.java:12)
at com.actitime.generic.FileLib.getpropertyData(FileLib.java:12)
at com.actitime.generic.FileLib.getpropertyData(FileLib.java:12)
at com.actitime.generic.FileLib.getpropertyData(FileLib.java:12)
at com.actitime.generic.FileLib.getpropertyData(FileLib.java:12)
at com.actitime.generic.FileLib.getpropertyData(FileLib.java:12)
at com.actitime.generic.FileLib.getpropertyData(FileLib.java:12)
at com.actitime.generic.FileLib.getpropertyData(FileLib.java:12)
at com.actitime.generic.FileLib.getpropertyData(FileLib.java:12)
at com.actitime.generic.FileLib.getpropertyData(FileLib.java:12)
at com.actitime.generic.FileLib.getpropertyData(FileLib.java:12)
at com.actitime.generic.FileLib.getpropertyData(FileLib.java:12)
at com.actitime.generic.FileLib.getpropertyData(FileLib.java:12)
at com.actitime.generic.FileLib.getpropertyData(FileLib.java:12)
at com.actitime.generic.FileLib.getpropertyData(FileLib.java:12)
at com.actitime.generic.FileLib.getpropertyData(FileLib.java:12)
at com.actitime.generic.FileLib.getpropertyData(FileLib.java:12)
at com.actitime.generic.FileLib.getpropertyData(FileLib.java:12)
at com.actitime.generic.FileLib.getpropertyData(FileLib.java:12)
at com.actitime.generic.FileLib.getpropertyData(FileLib.java:12)
at com.actitime.generic.FileLib.getpropertyData(FileLib.java:12)
at com.actitime.generic.FileLib.getpropertyData(FileLib.java:12)
at com.actitime.generic.FileLib.getpropertyData(FileLib.java:12)
at com.actitime.generic.FileLib.getpropertyData(FileLib.java:12)
at com.actitime.generic.FileLib.getpropertyData(FileLib.java:12)
at com.actitime.generic.FileLib.getpropertyData(FileLib.java:12)
at com.actitime.generic.FileLib.getpropertyData(FileLib.java:12)
at com.actitime.generic.FileLib.getpropertyData(FileLib.java:12)
at com.actitime.generic.FileLib.getpropertyData(FileLib.java:12)
at com.actitime.generic.FileLib.getpropertyData(FileLib.java:12)
at com.actitime.generic.FileLib.getpropertyData(FileLib.java:12)
at com.actitime.generic.FileLib.getpropertyData(FileLib.java:12)
at com.actitime.generic.FileLib.getpropertyData(FileLib.java:12)
at com.actitime.generic.FileLib.getpropertyData(FileLib.java:12)
at com.actitime.generic.FileLib.getpropertyData(FileLib.java:12)
at com.actitime.generic.FileLib.getpropertyData(FileLib.java:12)
at com.actitime.generic.FileLib.getpropertyData(FileLib.java:12)
at com.actitime.generic.FileLib.getpropertyData(FileLib.java:12)
at com.actitime.generic.FileLib.getpropertyData(FileLib.java:12)
at com.actitime.generic.FileLib.getpropertyData(FileLib.java:12)
at com.actitime.generic.FileLib.getpropertyData(FileLib.java:12)
at com.actitime.generic.FileLib.getpropertyData(FileLib.java:12)
at com.actitime.generic.FileLib.getpropertyData(FileLib.java:12)
at com.actitime.generic.FileLib.getpropertyData(FileLib.java:12)
at com.actitime.generic.FileLib.getpropertyData(FileLib.java:12)
at com.actitime.generic.FileLib.getpropertyData(FileLib.java:12)
at com.actitime.generic.FileLib.getpropertyData(FileLib.java:12)
at com.actitime.generic.FileLib.getpropertyData(FileLib.java:12)
at com.actitime.generic.FileLib.getpropertyData(FileLib.java:12)
at com.actitime.generic.FileLib.getpropertyData(FileLib.java:12)
at com.actitime.generic.FileLib.getpropertyData(FileLib.java:12)
at com.actitime.generic.FileLib.getpropertyData(FileLib.java:12)
at com.actitime.generic.FileLib.getpropertyData(FileLib.java:12)
at com.actitime.generic.FileLib.getpropertyData(FileLib.java:12)
at com.actitime.generic.FileLib.getpropertyData(FileLib.java:12)
at com.actitime.generic.FileLib.getpropertyData(FileLib.java:12)
at com.actitime.generic.FileLib.getpropertyData(FileLib.java:12)
at com.actitime.generic.FileLib.getpropertyData(FileLib.java:12)
at com.actitime.generic.FileLib.getpropertyData(FileLib.java:12)
at com.actitime.generic.FileLib.getpropertyData(FileLib.java:12)
at com.actitime.generic.FileLib.getpropertyData(FileLib.java:12)
at com.actitime.generic.FileLib.getpropertyData(FileLib.java:12)
at com.actitime.generic.FileLib.getpropertyData(FileLib.java:12)
at com.actitime.generic.FileLib.getpropertyData(FileLib.java:12)
at com.actitime.generic.FileLib.getpropertyData(FileLib.java:12)
at com.actitime.generic.FileLib.getpropertyData(FileLib.java:12)
at com.actitime.generic.FileLib.getpropertyData(FileLib.java:12)
at com.actitime.generic.FileLib.getpropertyData(FileLib.java:12)
at com.actitime.generic.FileLib.getpropertyData(FileLib.java:12)
at com.actitime.generic.FileLib.getpropertyData(FileLib.java:12)
at com.actitime.generic.FileLib.getpropertyData(FileLib.java:12)
at com.actitime.generic.FileLib.getpropertyData(FileLib.java:12)
at com.actitime.generic.FileLib.getpropertyData(FileLib.java:12)
at com.actitime.generic.FileLib.getpropertyData(FileLib.java:12)
at com.actitime.generic.FileLib.getpropertyData(FileLib.java:12)
at com.actitime.generic.FileLib.getpropertyData(FileLib.java:12)
at com.actitime.generic.FileLib.getpropertyData(FileLib.java:12)
at com.actitime.generic.FileLib.getpropertyData(FileLib.java:12)
at com.actitime.generic.FileLib.getpropertyData(FileLib.java:12)
at com.actitime.generic.FileLib.getpropertyData(FileLib.java:12)
at com.actitime.generic.FileLib.getpropertyData(FileLib.java:12)
at com.actitime.generic.FileLib.getpropertyData(FileLib.java:12)
at com.actitime.generic.FileLib.getpropertyData(FileLib.java:12)
at com.actitime.generic.FileLib.getpropertyData(FileLib.java:12)
at com.actitime.generic.FileLib.getpropertyData(FileLib.java:12)
at com.actitime.generic.FileLib.getpropertyData(FileLib.java:12)
at com.actitime.generic.FileLib.getpropertyData(FileLib.java:12)
at com.actitime.generic.FileLib.getpropertyData(FileLib.java:12)
at com.actitime.generic.FileLib.getpropertyData(FileLib.java:12)
at com.actitime.generic.FileLib.getpropertyData(FileLib.java:12)
at com.actitime.generic.FileLib.getpropertyData(FileLib.java:12)
at com.actitime.generic.FileLib.getpropertyData(FileLib.java:12)
at com.actitime.generic.FileLib.getpropertyData(FileLib.java:12)
at com.actitime.generic.FileLib.getpropertyData(FileLib.java:12)
at com.actitime.generic.FileLib.getpropertyData(FileLib.java:12)
at com.actitime.generic.FileLib.getpropertyData(FileLib.java:12)
at com.actitime.generic.FileLib.getpropertyData(FileLib.java:12)
at com.actitime.generic.FileLib.getpropertyData(FileLib.java:12)
at com.actitime.generic.FileLib.getpropertyData(FileLib.java:12)
at com.actitime.generic.FileLib.getpropertyData(FileLib.java:12)
at com.actitime.generic.FileLib.getpropertyData(FileLib.java:12)
at com.actitime.generic.FileLib.getpropertyData(FileLib.java:12)
at com.actitime.generic.FileLib.getpropertyData(FileLib.java:12)
at com.actitime.generic.FileLib.getpropertyData(FileLib.java:12)
at com.actitime.generic.FileLib.getpropertyData(FileLib.java:12)
at com.actitime.generic.FileLib.getpropertyData(FileLib.java:12)
at com.actitime.generic.FileLib.getpropertyData(FileLib.java:12)
at com.actitime.generic.FileLib.getpropertyData(FileLib.java:12)
at com.actitime.generic.FileLib.getpropertyData(FileLib.java:12)
at com.actitime.generic.FileLib.getpropertyData(FileLib.java:12)
at com.actitime.generic.FileLib.getpropertyData(FileLib.java:12)
at com.actitime.generic.FileLib.getpropertyData(FileLib.java:12)
at com.actitime.generic.FileLib.getpropertyData(FileLib.java:12)
at com.actitime.generic.FileLib.getpropertyData(FileLib.java:12)
at com.actitime.generic.FileLib.getpropertyData(FileLib.java:12)
at com.actitime.generic.FileLib.getpropertyData(FileLib.java:12)
at com.actitime.generic.FileLib.getpropertyData(FileLib.java:12)
at com.actitime.generic.FileLib.getpropertyData(FileLib.java:12)
at com.actitime.generic.FileLib.getpropertyData(FileLib.java:12)
at com.actitime.generic.FileLib.getpropertyData(FileLib.java:12)
at com.actitime.generic.FileLib.getpropertyData(FileLib.java:12)
at com.actitime.generic.FileLib.getpropertyData(FileLib.java:12)
at com.actitime.generic.FileLib.getpropertyData(FileLib.java:12)
at com.actitime.generic.FileLib.getpropertyData(FileLib.java:12)
at com.actitime.generic.FileLib.getpropertyData(FileLib.java:12)
at com.actitime.generic.FileLib.getpropertyData(FileLib.java:12)
at com.actitime.generic.FileLib.getpropertyData(FileLib.java:12)
at com.actitime.generic.FileLib.getpropertyData(FileLib.java:12)
at com.actitime.generic.FileLib.getpropertyData(FileLib.java:12)
at com.actitime.generic.FileLib.getpropertyData(FileLib.java:12)
at com.actitime.generic.FileLib.getpropertyData(FileLib.java:12)
at com.actitime.generic.FileLib.getpropertyData(FileLib.java:12)
at com.actitime.generic.FileLib.getpropertyData(FileLib.java:12)
at com.actitime.generic.FileLib.getpropertyData(FileLib.java:12)
at com.actitime.generic.FileLib.getpropertyData(FileLib.java:12)
at com.actitime.generic.FileLib.getpropertyData(FileLib.java:12)
at com.actitime.generic.FileLib.getpropertyData(FileLib.java:12)
at com.actitime.generic.FileLib.getpropertyData(FileLib.java:12)
at com.actitime.generic.FileLib.getpropertyData(FileLib.java:12)
at com.actitime.generic.FileLib.getpropertyData(FileLib.java:12)
at com.actitime.generic.FileLib.getpropertyData(FileLib.java:12)
at com.actitime.generic.FileLib.getpropertyData(FileLib.java:12)
at com.actitime.generic.FileLib.getpropertyData(FileLib.java:12)
at com.actitime.generic.FileLib.getpropertyData(FileLib.java:12)
at com.actitime.generic.FileLib.getpropertyData(FileLib.java:12)
at com.actitime.generic.FileLib.getpropertyData(FileLib.java:12)
at com.actitime.generic.FileLib.getpropertyData(FileLib.java:12)
at com.actitime.generic.FileLib.getpropertyData(FileLib.java:12)
at com.actitime.generic.FileLib.getpropertyData(FileLib.java:12)
at com.actitime.generic.FileLib.getpropertyData(FileLib.java:12)
at com.actitime.generic.FileLib.getpropertyData(FileLib.java:12)
at com.actitime.generic.FileLib.getpropertyData(FileLib.java:12)
at com.actitime.generic.FileLib.getpropertyData(FileLib.java:12)
at com.actitime.generic.FileLib.getpropertyData(FileLib.java:12)
at com.actitime.generic.FileLib.getpropertyData(FileLib.java:12)
at com.actitime.generic.FileLib.getpropertyData(FileLib.java:12)
at com.actitime.generic.FileLib.getpropertyData(FileLib.java:12)
at com.actitime.generic.FileLib.getpropertyData(FileLib.java:12)
at com.actitime.generic.FileLib.getpropertyData(FileLib.java:12)
at com.actitime.generic.FileLib.getpropertyData(FileLib.java:12)
at com.actitime.generic.FileLib.getpropertyData(FileLib.java:12)
at com.actitime.generic.FileLib.getpropertyData(FileLib.java:12)
at com.actitime.generic.FileLib.getpropertyData(FileLib.java:12)
at com.actitime.generic.FileLib.getpropertyData(FileLib.java:12)
at com.actitime.generic.FileLib.getpropertyData(FileLib.java:12)
at com.actitime.generic.FileLib.getpropertyData(FileLib.java:12)
at com.actitime.generic.FileLib.getpropertyData(FileLib.java:12)
at com.actitime.generic.FileLib.getpropertyData(FileLib.java:12)
at com.actitime.generic.FileLib.getpropertyData(FileLib.java:12)
at com.actitime.generic.FileLib.getpropertyData(FileLib.java:12)
at com.actitime.generic.FileLib.getpropertyData(FileLib.java:12)
at com.actitime.generic.FileLib.getpropertyData(FileLib.java:12)
at com.actitime.generic.FileLib.getpropertyData(FileLib.java:12)
at com.actitime.generic.FileLib.getpropertyData(FileLib.java:12)
at com.actitime.generic.FileLib.getpropertyData(FileLib.java:12)
at com.actitime.generic.FileLib.getpropertyData(FileLib.java:12)
at com.actitime.generic.FileLib.getpropertyData(FileLib.java:12)
at com.actitime.generic.FileLib.getpropertyData(FileLib.java:12)
at com.actitime.generic.FileLib.getpropertyData(FileLib.java:12)
at com.actitime.generic.FileLib.getpropertyData(FileLib.java:12)
at com.actitime.generic.FileLib.getpropertyData(FileLib.java:12)
at com.actitime.generic.FileLib.getpropertyData(FileLib.java:12)
at com.actitime.generic.FileLib.getpropertyData(FileLib.java:12)
at com.actitime.generic.FileLib.getpropertyData(FileLib.java:12)
at com.actitime.generic.FileLib.getpropertyData(FileLib.java:12)
at com.actitime.generic.FileLib.getpropertyData(FileLib.java:12)
at com.actitime.generic.FileLib.getpropertyData(FileLib.java:12)
at com.actitime.generic.FileLib.getpropertyData(FileLib.java:12)
at com.actitime.generic.FileLib.getpropertyData(FileLib.java:12)
at com.actitime.generic.FileLib.getpropertyData(FileLib.java:12)
at com.actitime.generic.FileLib.getpropertyData(FileLib.java:12)
at com.actitime.generic.FileLib.getpropertyData(FileLib.java:12)
at com.actitime.generic.FileLib.getpropertyData(FileLib.java:12)
at com.actitime.generic.FileLib.getpropertyData(FileLib.java:12)
at com.actitime.generic.FileLib.getpropertyData(FileLib.java:12)
at com.actitime.generic.FileLib.getpropertyData(FileLib.java:12)
at com.actitime.generic.FileLib.getpropertyData(FileLib.java:12)
at com.actitime.generic.FileLib.getpropertyData(FileLib.java:12)
at com.actitime.generic.FileLib.getpropertyData(FileLib.java:12)
at com.actitime.generic.FileLib.getpropertyData(FileLib.java:12)
at com.actitime.generic.FileLib.getpropertyData(FileLib.java:12)
at com.actitime.generic.FileLib.getpropertyData(FileLib.java:12)
at com.actitime.generic.FileLib.getpropertyData(FileLib.java:12)
at com.actitime.generic.FileLib.getpropertyData(FileLib.java:12)
at com.actitime.generic.FileLib.getpropertyData(FileLib.java:12)
at com.actitime.generic.FileLib.getpropertyData(FileLib.java:12)
at com.actitime.generic.FileLib.getpropertyData(FileLib.java:12)
at com.actitime.generic.FileLib.getpropertyData(FileLib.java:12)
at com.actitime.generic.FileLib.getpropertyData(FileLib.java:12)
at com.actitime.generic.FileLib.getpropertyData(FileLib.java:12)
at com.actitime.generic.FileLib.getpropertyData(FileLib.java:12)
at com.actitime.generic.FileLib.getpropertyData(FileLib.java:12)
at com.actitime.generic.FileLib.getpropertyData(FileLib.java:12)
at com.actitime.generic.FileLib.getpropertyData(FileLib.java:12)
at com.actitime.generic.FileLib.getpropertyData(FileLib.java:12)
at com.actitime.generic.FileLib.getpropertyData(FileLib.java:12)
at com.actitime.generic.FileLib.getpropertyData(FileLib.java:12)
at com.actitime.generic.FileLib.getpropertyData(FileLib.java:12)
at com.actitime.generic.FileLib.getpropertyData(FileLib.java:12)
at com.actitime.generic.FileLib.getpropertyData(FileLib.java:12)
at com.actitime.generic.FileLib.getpropertyData(FileLib.java:12)
at com.actitime.generic.FileLib.getpropertyData(FileLib.java:12)
at com.actitime.generic.FileLib.getpropertyData(FileLib.java:12)
at com.actitime.generic.FileLib.getpropertyData(FileLib.java:12)
at com.actitime.generic.FileLib.getpropertyData(FileLib.java:12)
at com.actitime.generic.FileLib.getpropertyData(FileLib.java:12)
at com.actitime.generic.FileLib.getpropertyData(FileLib.java:12)
at com.actitime.generic.FileLib.getpropertyData(FileLib.java:12)
at com.actitime.generic.FileLib.getpropertyData(FileLib.java:12)
at com.actitime.generic.FileLib.getpropertyData(FileLib.java:12)
at com.actitime.generic.FileLib.getpropertyData(FileLib.java:12)
at com.actitime.generic.FileLib.getpropertyData(FileLib.java:12)
at com.actitime.generic.FileLib.getpropertyData(FileLib.java:12)
at com.actitime.generic.FileLib.getpropertyData(FileLib.java:12)
at com.actitime.generic.FileLib.getpropertyData(FileLib.java:12)
at com.actitime.generic.FileLib.getpropertyData(FileLib.java:12)
at com.actitime.generic.FileLib.getpropertyData(FileLib.java:12)
at com.actitime.generic.FileLib.getpropertyData(FileLib.java:12)
at com.actitime.generic.FileLib.getpropertyData(FileLib.java:12)
at com.actitime.generic.FileLib.getpropertyData(FileLib.java:12)
at com.actitime.generic.FileLib.getpropertyData(FileLib.java:12)
at com.actitime.generic.FileLib.getpropertyData(FileLib.java:12)
at com.actitime.generic.FileLib.getpropertyData(FileLib.java:12)
at com.actitime.generic.FileLib.getpropertyData(FileLib.java:12)
at com.actitime.generic.FileLib.getpropertyData(FileLib.java:12)
at com.actitime.generic.FileLib.getpropertyData(FileLib.java:12)
at com.actitime.generic.FileLib.getpropertyData(FileLib.java:12)
at com.actitime.generic.FileLib.getpropertyData(FileLib.java:12)
at com.actitime.generic.FileLib.getpropertyData(FileLib.java:12)
at com.actitime.generic.FileLib.getpropertyData(FileLib.java:12)
at com.actitime.generic.FileLib.getpropertyData(FileLib.java:12)
at com.actitime.generic.FileLib.getpropertyData(FileLib.java:12)
at com.actitime.generic.FileLib.getpropertyData(FileLib.java:12)
at com.actitime.generic.FileLib.getpropertyData(FileLib.java:12)
at com.actitime.generic.FileLib.getpropertyData(FileLib.java:12)
at com.actitime.generic.FileLib.getpropertyData(FileLib.java:12)
at com.actitime.generic.FileLib.getpropertyData(FileLib.java:12)
at com.actitime.generic.FileLib.getpropertyData(FileLib.java:12)
at com.actitime.generic.FileLib.getpropertyData(FileLib.java:12)
at com.actitime.generic.FileLib.getpropertyData(FileLib.java:12)
at com.actitime.generic.FileLib.getpropertyData(FileLib.java:12)
at com.actitime.generic.FileLib.getpropertyData(FileLib.java:12)
at com.actitime.generic.FileLib.getpropertyData(FileLib.java:12)
at com.actitime.generic.FileLib.getpropertyData(FileLib.java:12)
at com.actitime.generic.FileLib.getpropertyData(FileLib.java:12)
at com.actitime.generic.FileLib.getpropertyData(FileLib.java:12)
at com.actitime.generic.FileLib.getpropertyData(FileLib.java:12)
at com.actitime.generic.FileLib.getpropertyData(FileLib.java:12)
at com.actitime.generic.FileLib.getpropertyData(FileLib.java:12)
at com.actitime.generic.FileLib.getpropertyData(FileLib.java:12)
at com.actitime.generic.FileLib.getpropertyData(FileLib.java:12)
at com.actitime.generic.FileLib.getpropertyData(FileLib.java:12)
at com.actitime.generic.FileLib.getpropertyData(FileLib.java:12)
at com.actitime.generic.FileLib.getpropertyData(FileLib.java:12)
at com.actitime.generic.FileLib.getpropertyData(FileLib.java:12)
at com.actitime.generic.FileLib.getpropertyData(FileLib.java:12)
at com.actitime.generic.FileLib.getpropertyData(FileLib.java:12)
at com.actitime.generic.FileLib.getpropertyData(FileLib.java:12)
at com.actitime.generic.FileLib.getpropertyData(FileLib.java:12)
at com.actitime.generic.FileLib.getpropertyData(FileLib.java:12)
at com.actitime.generic.FileLib.getpropertyData(FileLib.java:12)
at com.actitime.generic.FileLib.getpropertyData(FileLib.java:12)
at com.actitime.generic.FileLib.getpropertyData(FileLib.java:12)
at com.actitime.generic.FileLib.getpropertyData(FileLib.java:12)
at com.actitime.generic.FileLib.getpropertyData(FileLib.java:12)
at com.actitime.generic.FileLib.getpropertyData(FileLib.java:12)
at com.actitime.generic.FileLib.getpropertyData(FileLib.java:12)
at com.actitime.generic.FileLib.getpropertyData(FileLib.java:12)
at com.actitime.generic.FileLib.getpropertyData(FileLib.java:12)
at com.actitime.generic.FileLib.getpropertyData(FileLib.java:12)
at com.actitime.generic.FileLib.getpropertyData(FileLib.java:12)
at com.actitime.generic.FileLib.getpropertyData(FileLib.java:12)
at com.actitime.generic.FileLib.getpropertyData(FileLib.java:12)
at com.actitime.generic.FileLib.getpropertyData(FileLib.java:12)
at com.actitime.generic.FileLib.getpropertyData(FileLib.java:12)
at com.actitime.generic.FileLib.getpropertyData(FileLib.java:12)
at com.actitime.generic.FileLib.getpropertyData(FileLib.java:12)
at com.actitime.generic.FileLib.getpropertyData(FileLib.java:12)
at com.actitime.generic.FileLib.getpropertyData(FileLib.java:12)
at com.actitime.generic.FileLib.getpropertyData(FileLib.java:12)
at com.actitime.generic.FileLib.getpropertyData(FileLib.java:12)
at com.actitime.generic.FileLib.getpropertyData(FileLib.java:12)
at com.actitime.generic.FileLib.getpropertyData(FileLib.java:12)
at com.actitime.generic.FileLib.getpropertyData(FileLib.java:12)
at com.actitime.generic.FileLib.getpropertyData(FileLib.java:12)
at com.actitime.generic.FileLib.getpropertyData(FileLib.java:12)
at com.actitime.generic.FileLib.getpropertyData(FileLib.java:12)
at com.actitime.generic.FileLib.getpropertyData(FileLib.java:12)
at com.actitime.generic.FileLib.getpropertyData(FileLib.java:12)
at com.actitime.generic.FileLib.getpropertyData(FileLib.java:12)
at com.actitime.generic.FileLib.getpropertyData(FileLib.java:12)
at com.actitime.generic.FileLib.getpropertyData(FileLib.java:12)
at com.actitime.generic.FileLib.getpropertyData(FileLib.java:12)
at com.actitime.generic.FileLib.getpropertyData(FileLib.java:12)
at com.actitime.generic.FileLib.getpropertyData(FileLib.java:12)
at com.actitime.generic.FileLib.getpropertyData(FileLib.java:12)
at com.actitime.generic.FileLib.getpropertyData(FileLib.java:12)
at com.actitime.generic.FileLib.getpropertyData(FileLib.java:12)
at com.actitime.generic.FileLib.getpropertyData(FileLib.java:12)
at com.actitime.generic.FileLib.getpropertyData(FileLib.java:12)
at com.actitime.generic.FileLib.getpropertyData(FileLib.java:12)
at com.actitime.generic.FileLib.getpropertyData(FileLib.java:12)
at com.actitime.generic.FileLib.getpropertyData(FileLib.java:12)
at com.actitime.generic.FileLib.getpropertyData(FileLib.java:12)
at com.actitime.generic.FileLib.getpropertyData(FileLib.java:12)
at com.actitime.generic.FileLib.getpropertyData(FileLib.java:12)
at com.actitime.generic.FileLib.getpropertyData(FileLib.java:12)
at com.actitime.generic.FileLib.getpropertyData(FileLib.java:12)
at com.actitime.generic.FileLib.getpropertyData(FileLib.java:12)
at com.actitime.generic.FileLib.getpropertyData(FileLib.java:12)
at com.actitime.generic.FileLib.getpropertyData(FileLib.java:12)
at com.actitime.generic.FileLib.getpropertyData(FileLib.java:12)
at com.actitime.generic.FileLib.getpropertyData(FileLib.java:12)
at com.actitime.generic.FileLib.getpropertyData(FileLib.java:12)
at com.actitime.generic.FileLib.getpropertyData(FileLib.java:12)
at com.actitime.generic.FileLib.getpropertyData(FileLib.java:12)
at com.actitime.generic.FileLib.getpropertyData(FileLib.java:12)
at com.actitime.generic.FileLib.getpropertyData(FileLib.java:12)
at com.actitime.generic.FileLib.getpropertyData(FileLib.java:12)
at com.actitime.generic.FileLib.getpropertyData(FileLib.java:12)
at com.actitime.generic.FileLib.getpropertyData(FileLib.java:12)
at com.actitime.generic.FileLib.getpropertyData(FileLib.java:12)
at com.actitime.generic.FileLib.getpropertyData(FileLib.java:12)
at com.actitime.generic.FileLib.getpropertyData(FileLib.java:12)
at com.actitime.generic.FileLib.getpropertyData(FileLib.java:12)
at com.actitime.generic.FileLib.getpropertyData(FileLib.java:12)
at com.actitime.generic.FileLib.getpropertyData(FileLib.java:12)
at com.actitime.generic.FileLib.getpropertyData(FileLib.java:12)
at com.actitime.generic.FileLib.getpropertyData(FileLib.java:12)
at com.actitime.generic.FileLib.getpropertyData(FileLib.java:12)
at com.actitime.generic.FileLib.getpropertyData(FileLib.java:12)
at com.actitime.generic.FileLib.getpropertyData(FileLib.java:12)
at com.actitime.generic.FileLib.getpropertyData(FileLib.java:12)
at com.actitime.generic.FileLib.getpropertyData(FileLib.java:12)
at com.actitime.generic.FileLib.getpropertyData(FileLib.java:12)
at com.actitime.generic.FileLib.getpropertyData(FileLib.java:12)
at com.actitime.generic.FileLib.getpropertyData(FileLib.java:12)
at com.actitime.generic.FileLib.getpropertyData(FileLib.java:12)
at com.actitime.generic.FileLib.getpropertyData(FileLib.java:12)
at com.actitime.generic.FileLib.getpropertyData(FileLib.java:12)
at com.actitime.generic.FileLib.getpropertyData(FileLib.java:12)
at com.actitime.generic.FileLib.getpropertyData(FileLib.java:12)
at com.actitime.generic.FileLib.getpropertyData(FileLib.java:12)
at com.actitime.generic.FileLib.getpropertyData(FileLib.java:12)
at com.actitime.generic.FileLib.getpropertyData(FileLib.java:12)
at com.actitime.generic.FileLib.getpropertyData(FileLib.java:12)
at com.actitime.generic.FileLib.getpropertyData(FileLib.java:12)
at com.actitime.generic.FileLib.getpropertyData(FileLib.java:12)
at com.actitime.generic.FileLib.getpropertyData(FileLib.java:12)
at com.actitime.generic.FileLib.getpropertyData(FileLib.java:12)
at com.actitime.generic.FileLib.getpropertyData(FileLib.java:12)
at com.actitime.generic.FileLib.getpropertyData(FileLib.java:12)
at com.actitime.generic.FileLib.getpropertyData(FileLib.java:12)
at com.actitime.generic.FileLib.getpropertyData(FileLib.java:12)
at com.actitime.generic.FileLib.getpropertyData(FileLib.java:12)
at com.actitime.generic.FileLib.getpropertyData(FileLib.java:12)
at com.actitime.generic.FileLib.getpropertyData(FileLib.java:12)
at com.actitime.generic.FileLib.getpropertyData(FileLib.java:12)
at com.actitime.generic.FileLib.getpropertyData(FileLib.java:12)
at com.actitime.generic.FileLib.getpropertyData(FileLib.java:12)
at com.actitime.generic.FileLib.getpropertyData(FileLib.java:12)
at com.actitime.generic.FileLib.getpropertyData(FileLib.java:12)
at com.actitime.generic.FileLib.getpropertyData(FileLib.java:12)
at com.actitime.generic.FileLib.getpropertyData(FileLib.java:12)
at com.actitime.generic.FileLib.getpropertyData(FileLib.java:12)
at com.actitime.generic.FileLib.getpropertyData(FileLib.java:12)
at com.actitime.generic.FileLib.getpropertyData(FileLib.java:12)
at com.actitime.generic.FileLib.getpropertyData(FileLib.java:12)
at com.actitime.generic.FileLib.getpropertyData(FileLib.java:12)
at com.actitime.generic.FileLib.getpropertyData(FileLib.java:12)
at com.actitime.generic.FileLib.getpropertyData(FileLib.java:12)
at com.actitime.generic.FileLib.getpropertyData(FileLib.java:12)
at com.actitime.generic.FileLib.getpropertyData(FileLib.java:12)
at com.actitime.generic.FileLib.getpropertyData(FileLib.java:12)
at com.actitime.generic.FileLib.getpropertyData(FileLib.java:12)
at com.actitime.generic.FileLib.getpropertyData(FileLib.java:12)
at com.actitime.generic.FileLib.getpropertyData(FileLib.java:12)
at com.actitime.generic.FileLib.getpropertyData(FileLib.java:12)
at com.actitime.generic.FileLib.getpropertyData(FileLib.java:12)
at com.actitime.generic.FileLib.getpropertyData(FileLib.java:12)
at com.actitime.generic.FileLib.getpropertyData(FileLib.java:12)
at com.actitime.generic.FileLib.getpropertyData(FileLib.java:12)
at com.actitime.generic.FileLib.getpropertyData(FileLib.java:12)
at com.actitime.generic.FileLib.getpropertyData(FileLib.java:12)
at com.actitime.generic.FileLib.getpropertyData(FileLib.java:12)
at com.actitime.generic.FileLib.getpropertyData(FileLib.java:12)
at com.actitime.generic.FileLib.getpropertyData(FileLib.java:12)
at com.actitime.generic.FileLib.getpropertyData(FileLib.java:12)
at com.actitime.generic.FileLib.getpropertyData(FileLib.java:12)
at com.actitime.generic.FileLib.getpropertyData(FileLib.java:12)
at com.actitime.generic.FileLib.getpropertyData(FileLib.java:12)
at com.actitime.generic.FileLib.getpropertyData(FileLib.java:12)
at com.actitime.generic.FileLib.getpropertyData(FileLib.java:12)
at com.actitime.generic.FileLib.getpropertyData(FileLib.java:12)
at com.actitime.generic.FileLib.getpropertyData(FileLib.java:12)
at com.actitime.generic.FileLib.getpropertyData(FileLib.java:12)
at com.actitime.generic.FileLib.getpropertyData(FileLib.java:12)
at com.actitime.generic.FileLib.getpropertyData(FileLib.java:12)
at com.actitime.generic.FileLib.getpropertyData(FileLib.java:12)
at com.actitime.generic.FileLib.getpropertyData(FileLib.java:12)
at com.actitime.generic.FileLib.getpropertyData(FileLib.java:12)
at com.actitime.generic.FileLib.getpropertyData(FileLib.java:12)
at com.actitime.generic.FileLib.getpropertyData(FileLib.java:12)
at com.actitime.generic.FileLib.getpropertyData(FileLib.java:12)
at com.actitime.generic.FileLib.getpropertyData(FileLib.java:12)
at com.actitime.generic.FileLib.getpropertyData(FileLib.java:12)
at com.actitime.generic.FileLib.getpropertyData(FileLib.java:12)
at com.actitime.generic.FileLib.getpropertyData(FileLib.java:12)
at com.actitime.generic.FileLib.getpropertyData(FileLib.java:12)
at com.actitime.generic.FileLib.getpropertyData(FileLib.java:12)
at com.actitime.generic.FileLib.getpropertyData(FileLib.java:12)
at com.actitime.generic.FileLib.getpropertyData(FileLib.java:12)
at com.actitime.generic.FileLib.getpropertyData(FileLib.java:12)
at com.actitime.generic.FileLib.getpropertyData(FileLib.java:12)
at com.actitime.generic.FileLib.getpropertyData(FileLib.java:12)
at com.actitime.generic.FileLib.getpropertyData(FileLib.java:12)
at com.actitime.generic.FileLib.getpropertyData(FileLib.java:12)
at com.actitime.generic.FileLib.getpropertyData(FileLib.java:12)
at com.actitime.generic.FileLib.getpropertyData(FileLib.java:12)
at com.actitime.generic.FileLib.getpropertyData(FileLib.java:12)
at com.actitime.generic.FileLib.getpropertyData(FileLib.java:12)
at com.actitime.generic.FileLib.getpropertyData(FileLib.java:12)
at com.actitime.generic.FileLib.getpropertyData(FileLib.java:12)
at com.actitime.generic.FileLib.getpropertyData(FileLib.java:12)
at com.actitime.generic.FileLib.getpropertyData(FileLib.java:12)
at com.actitime.generic.FileLib.getpropertyData(FileLib.java:12)
at com.actitime.generic.FileLib.getpropertyData(FileLib.java:12)
at com.actitime.generic.FileLib.getpropertyData(FileLib.java:12)
at com.actitime.generic.FileLib.getpropertyData(FileLib.java:12)
at com.actitime.generic.FileLib.getpropertyData(FileLib.java:12)
at com.actitime.generic.FileLib.getpropertyData(FileLib.java:12)
at com.actitime.generic.FileLib.getpropertyData(FileLib.java:12)
at com.actitime.generic.FileLib.getpropertyData(FileLib.java:12)
at com.actitime.generic.FileLib.getpropertyData(FileLib.java:12)
at com.actitime.generic.FileLib.getpropertyData(FileLib.java:12)
at com.actitime.generic.FileLib.getpropertyData(FileLib.java:12)
at com.actitime.generic.FileLib.getpropertyData(FileLib.java:12)
at com.actitime.generic.FileLib.getpropertyData(FileLib.java:12)
at com.actitime.generic.FileLib.getpropertyData(FileLib.java:12)
at com.actitime.generic.FileLib.getpropertyData(FileLib.java:12)
at com.actitime.generic.FileLib.getpropertyData(FileLib.java:12)
at com.actitime.generic.FileLib.getpropertyData(FileLib.java:12)
at com.actitime.generic.FileLib.getpropertyData(FileLib.java:12)
at com.actitime.generic.FileLib.getpropertyData(FileLib.java:12)
at com.actitime.generic.FileLib.getpropertyData(FileLib.java:12)
at com.actitime.generic.FileLib.getpropertyData(FileLib.java:12)
at com.actitime.generic.FileLib.getpropertyData(FileLib.java:12)
at com.actitime.generic.FileLib.getpropertyData(FileLib.java:12)
at com.actitime.generic.FileLib.getpropertyData(FileLib.java:12)
at com.actitime.generic.FileLib.getpropertyData(FileLib.java:12)
at com.actitime.generic.FileLib.getpropertyData(FileLib.java:12)
at com.actitime.generic.FileLib.getpropertyData(FileLib.java:12)
at com.actitime.generic.FileLib.getpropertyData(FileLib.java:12)
at com.actitime.generic.FileLib.getpropertyData(FileLib.java:12)
at com.actitime.generic.FileLib.getpropertyData(FileLib.java:12)
at com.actitime.generic.FileLib.getpropertyData(FileLib.java:12)
at com.actitime.generic.FileLib.getpropertyData(FileLib.java:12)
at com.actitime.generic.FileLib.getpropertyData(FileLib.java:12)
at com.actitime.generic.FileLib.getpropertyData(FileLib.java:12)
at com.actitime.generic.FileLib.getpropertyData(FileLib.java:12)
at com.actitime.generic.FileLib.getpropertyData(FileLib.java:12)
at com.actitime.generic.FileLib.getpropertyData(FileLib.java:12)
at com.actitime.generic.FileLib.getpropertyData(FileLib.java:12)
at com.actitime.generic.FileLib.getpropertyData(FileLib.java:12)
at com.actitime.generic.FileLib.getpropertyData(FileLib.java:12)
at com.actitime.generic.FileLib.getpropertyData(FileLib.java:12)
at com.actitime.generic.FileLib.getpropertyData(FileLib.java:12)
at com.actitime.generic.FileLib.getpropertyData(FileLib.java:12)
at com.actitime.generic.FileLib.getpropertyData(FileLib.java:12)
at com.actitime.generic.FileLib.getpropertyData(FileLib.java:12)
at com.actitime.generic.FileLib.getpropertyData(FileLib.java:12)
at com.actitime.generic.FileLib.getpropertyData(FileLib.java:12)
at com.actitime.generic.FileLib.getpropertyData(FileLib.java:12)
at com.actitime.generic.FileLib.getpropertyData(FileLib.java:12)
at com.actitime.generic.FileLib.getpropertyData(FileLib.java:12)
at com.actitime.generic.FileLib.getpropertyData(FileLib.java:12)
at com.actitime.generic.FileLib.getpropertyData(FileLib.java:12)
at com.actitime.generic.FileLib.getpropertyData(FileLib.java:12)
at com.actitime.generic.FileLib.getpropertyData(FileLib.java:12)
at com.actitime.generic.FileLib.getpropertyData(FileLib.java:12)
at com.actitime.generic.FileLib.getpropertyData(FileLib.java:12)
at com.actitime.generic.FileLib.getpropertyData(FileLib.java:12)
at com.actitime.generic.FileLib.getpropertyData(FileLib.java:12)
at com.actitime.generic.FileLib.getpropertyData(FileLib.java:12)
at com.actitime.generic.FileLib.getpropertyData(FileLib.java:12)
at com.actitime.generic.FileLib.getpropertyData(FileLib.java:12)
at com.actitime.generic.FileLib.getpropertyData(FileLib.java:12)
at com.actitime.generic.FileLib.getpropertyData(FileLib.java:12)
at com.actitime.generic.FileLib.getpropertyData(FileLib.java:12)
at com.actitime.generic.FileLib.getpropertyData(FileLib.java:12)
at com.actitime.generic.FileLib.getpropertyData(FileLib.java:12)
at com.actitime.generic.FileLib.getpropertyData(FileLib.java:12)
at com.actitime.generic.FileLib.getpropertyData(FileLib.java:12)
at com.actitime.generic.FileLib.getpropertyData(FileLib.java:12)
at com.actitime.generic.FileLib.getpropertyData(FileLib.java:12)
at com.actitime.generic.FileLib.getpropertyData(FileLib.java:12)
at com.actitime.generic.FileLib.getpropertyData(FileLib.java:12)
at com.actitime.generic.FileLib.getpropertyData(FileLib.java:12)
at com.actitime.generic.FileLib.getpropertyData(FileLib.java:12)
at com.actitime.generic.FileLib.getpropertyData(FileLib.java:12)
at com.actitime.generic.FileLib.getpropertyData(FileLib.java:12)
at com.actitime.generic.FileLib.getpropertyData(FileLib.java:12)
at com.actitime.generic.FileLib.getpropertyData(FileLib.java:12)
at com.actitime.generic.FileLib.getpropertyData(FileLib.java:12)
at com.actitime.generic.FileLib.getpropertyData(FileLib.java:12)
at com.actitime.generic.FileLib.getpropertyData(FileLib.java:12)
at com.actitime.generic.FileLib.getpropertyData(FileLib.java:12)
at com.actitime.generic.FileLib.getpropertyData(FileLib.java:12)
at com.actitime.generic.FileLib.getpropertyData(FileLib.java:12)
at com.actitime.generic.FileLib.getpropertyData(FileLib.java:12)
at com.actitime.generic.FileLib.getpropertyData(FileLib.java:12)
at com.actitime.generic.FileLib.getpropertyData(FileLib.java:12)
at com.actitime.generic.FileLib.getpropertyData(FileLib.java:12)
at com.actitime.generic.FileLib.getpropertyData(FileLib.java:12)
at com.actitime.generic.FileLib.getpropertyData(FileLib.java:12)
at com.actitime.generic.FileLib.getpropertyData(FileLib.java:12)
at com.actitime.generic.FileLib.getpropertyData(FileLib.java:12)
at com.actitime.generic.FileLib.getpropertyData(FileLib.java:12)
at com.actitime.generic.FileLib.getpropertyData(FileLib.java:12)
at com.actitime.generic.FileLib.getpropertyData(FileLib.java:12)
at com.actitime.generic.FileLib.getpropertyData(FileLib.java:12)
at com.actitime.generic.FileLib.getpropertyData(FileLib.java:12)
at com.actitime.generic.FileLib.getpropertyData(FileLib.java:12)
at com.actitime.generic.FileLib.getpropertyData(FileLib.java:12)
at com.actitime.generic.FileLib.getpropertyData(FileLib.java:12)
at com.actitime.generic.FileLib.getpropertyData(FileLib.java:12)
at com.actitime.generic.FileLib.getpropertyData(FileLib.java:12)
at com.actitime.generic.FileLib.getpropertyData(FileLib.java:12)
at com.actitime.generic.FileLib.getpropertyData(FileLib.java:12)
at com.actitime.generic.FileLib.getpropertyData(FileLib.java:12)
at com.actitime.generic.FileLib.getpropertyData(FileLib.java:12)
at com.actitime.generic.FileLib.getpropertyData(FileLib.java:12)
at com.actitime.generic.FileLib.getpropertyData(FileLib.java:12)
at com.actitime.generic.FileLib.getpropertyData(FileLib.java:12)
at com.actitime.generic.FileLib.getpropertyData(FileLib.java:12)
at com.actitime.generic.FileLib.getpropertyData(FileLib.java:12)
at com.actitime.generic.FileLib.getpropertyData(FileLib.java:12)
at com.actitime.generic.FileLib.getpropertyData(FileLib.java:12)
at com.actitime.generic.FileLib.getpropertyData(FileLib.java:12)
at com.actitime.generic.FileLib.getpropertyData(FileLib.java:12)
at com.actitime.generic.FileLib.getpropertyData(FileLib.java:12)
at com.actitime.generic.FileLib.getpropertyData(FileLib.java:12)
at com.actitime.generic.FileLib.getpropertyData(FileLib.java:12)
at com.actitime.generic.FileLib.getpropertyData(FileLib.java:12)
at com.actitime.generic.FileLib.getpropertyData(FileLib.java:12)
at com.actitime.generic.FileLib.getpropertyData(FileLib.java:12)
at com.actitime.generic.FileLib.getpropertyData(FileLib.java:12)
at com.actitime.generic.FileLib.getpropertyData(FileLib.java:12)
at com.actitime.generic.FileLib.getpropertyData(FileLib.java:12)
at com.actitime.generic.FileLib.getpropertyData(FileLib.java:12)
at com.actitime.generic.FileLib.getpropertyData(FileLib.java:12)
at com.actitime.generic.FileLib.getpropertyData(FileLib.java:12)
at com.actitime.generic.FileLib.getpropertyData(FileLib.java:12)
at com.actitime.generic.FileLib.getpropertyData(FileLib.java:12)
at com.actitime.generic.FileLib.getpropertyData(FileLib.java:12)
at com.actitime.generic.FileLib.getpropertyData(FileLib.java:12)
at com.actitime.generic.FileLib.getpropertyData(FileLib.java:12)
at com.actitime.generic.FileLib.getpropertyData(FileLib.java:12)
at com.actitime.generic.FileLib.getpropertyData(FileLib.java:12)
at com.actitime.generic.FileLib.getpropertyData(FileLib.java:12)
at com.actitime.generic.FileLib.getpropertyData(FileLib.java:12)
at com.actitime.generic.FileLib.getpropertyData(FileLib.java:12)
at com.actitime.generic.FileLib.getpropertyData(FileLib.java:12)
at com.actitime.generic.FileLib.getpropertyData(FileLib.java:12)
at com.actitime.generic.FileLib.getpropertyData(FileLib.java:12)
at com.actitime.generic.FileLib.getpropertyData(FileLib.java:12)
at com.actitime.generic.FileLib.getpropertyData(FileLib.java:12)
at com.actitime.generic.FileLib.getpropertyData(FileLib.java:12)
at com.actitime.generic.FileLib.getpropertyData(FileLib.java:12)
at com.actitime.generic.FileLib.getpropertyData(FileLib.java:12)
at com.actitime.generic.FileLib.getpropertyData(FileLib.java:12)
at com.actitime.generic.FileLib.getpropertyData(FileLib.java:12)
at com.actitime.generic.FileLib.getpropertyData(FileLib.java:12)
at com.actitime.generic.FileLib.getpropertyData(FileLib.java:12)
at com.actitime.generic.FileLib.getpropertyData(FileLib.java:12)
at com.actitime.generic.FileLib.getpropertyData(FileLib.java:12)
at com.actitime.generic.FileLib.getpropertyData(FileLib.java:12)
at com.actitime.generic.FileLib.getpropertyData(FileLib.java:12)
at com.actitime.generic.FileLib.getpropertyData(FileLib.java:12)
at com.actitime.generic.FileLib.getpropertyData(FileLib.java:12)
at com.actitime.generic.FileLib.getpropertyData(FileLib.java:12)
at com.actitime.generic.FileLib.getpropertyData(FileLib.java:12)
at com.actitime.generic.FileLib.getpropertyData(FileLib.java:12)
at com.actitime.generic.FileLib.getpropertyData(FileLib.java:12)
at com.actitime.generic.FileLib.getpropertyData(FileLib.java:12)
at com.actitime.generic.FileLib.getpropertyData(FileLib.java:12)
at com.actitime.generic.FileLib.getpropertyData(FileLib.java:12)
at com.actitime.generic.FileLib.getpropertyData(FileLib.java:12)
at com.actitime.generic.FileLib.getpropertyData(FileLib.java:12)
at com.actitime.generic.FileLib.getpropertyData(FileLib.java:12)
at com.actitime.generic.FileLib.getpropertyData(FileLib.java:12)
at com.actitime.generic.FileLib.getpropertyData(FileLib.java:12)
at com.actitime.generic.FileLib.getpropertyData(FileLib.java:12)
at com.actitime.generic.FileLib.getpropertyData(FileLib.java:12)
at com.actitime.generic.FileLib.getpropertyData(FileLib.java:12)
at com.actitime.generic.FileLib.getpropertyData(FileLib.java:12)
at com.actitime.generic.FileLib.getpropertyData(FileLib.java:12)
at com.actitime.generic.FileLib.getpropertyData(FileLib.java:12)
at com.actitime.generic.FileLib.getpropertyData(FileLib.java:12)
at com.actitime.generic.FileLib.getpropertyData(FileLib.java:12)
at com.actitime.generic.FileLib.getpropertyData(FileLib.java:12)
at com.actitime.generic.FileLib.getpropertyData(FileLib.java:12)
at com.actitime.generic.FileLib.getpropertyData(FileLib.java:12)
at com.actitime.generic.FileLib.getpropertyData(FileLib.java:12)
at com.actitime.generic.FileLib.getpropertyData(FileLib.java:12)
at com.actitime.generic.FileLib.getpropertyData(FileLib.java:12)
at com.actitime.generic.FileLib.getpropertyData(FileLib.java:12)
at com.actitime.generic.FileLib.getpropertyData(FileLib.java:12)
at com.actitime.generic.FileLib.getpropertyData(FileLib.java:12)
at com.actitime.generic.FileLib.getpropertyData(FileLib.java:12)
at com.actitime.generic.FileLib.getpropertyData(FileLib.java:12)
at com.actitime.generic.FileLib.getpropertyData(FileLib.java:12)
at com.actitime.generic.FileLib.getpropertyData(FileLib.java:12)
at com.actitime.generic.FileLib.getpropertyData(FileLib.java:12)
at com.actitime.generic.FileLib.getpropertyData(FileLib.java:12)
at com.actitime.generic.FileLib.getpropertyData(FileLib.java:12)
at com.actitime.generic.FileLib.getpropertyData(FileLib.java:12)
at com.actitime.generic.FileLib.getpropertyData(FileLib.java:12)
at com.actitime.generic.FileLib.getpropertyData(FileLib.java:12)
at com.actitime.generic.FileLib.getpropertyData(FileLib.java:12)
at com.actitime.generic.FileLib.getpropertyData(FileLib.java:12)
at com.actitime.generic.FileLib.getpropertyData(FileLib.java:12)
at com.actitime.generic.FileLib.getpropertyData(FileLib.java:12)
at com.actitime.generic.FileLib.getpropertyData(FileLib.java:12)
at com.actitime.generic.FileLib.getpropertyData(FileLib.java:12)
at com.actitime.generic.FileLib.getpropertyData(FileLib.java:12)
at com.actitime.generic.FileLib.getpropertyData(FileLib.java:12)
at com.actitime.generic.FileLib.getpropertyData(FileLib.java:12)
at com.actitime.generic.FileLib.getpropertyData(FileLib.java:12)
at com.actitime.generic.FileLib.getpropertyData(FileLib.java:12)
at com.actitime.generic.FileLib.getpropertyData(FileLib.java:12)
at com.actitime.generic.FileLib.getpropertyData(FileLib.java:12)
at com.actitime.generic.FileLib.getpropertyData(FileLib.java:12)
at com.actitime.generic.FileLib.getpropertyData(FileLib.java:12)
at com.actitime.generic.FileLib.getpropertyData(FileLib.java:12)
at com.actitime.generic.FileLib.getpropertyData(FileLib.java:12)
at com.actitime.generic.FileLib.getpropertyData(FileLib.java:12)
at com.actitime.generic.FileLib.getpropertyData(FileLib.java:12)
at com.actitime.generic.FileLib.getpropertyData(FileLib.java:12)
at com.actitime.generic.FileLib.getpropertyData(FileLib.java:12)
at com.actitime.generic.FileLib.getpropertyData(FileLib.java:12)
at com.actitime.generic.FileLib.getpropertyData(FileLib.java:12)
at com.actitime.generic.FileLib.getpropertyData(FileLib.java:12)
at com.actitime.generic.FileLib.getpropertyData(FileLib.java:12)
at com.actitime.generic.FileLib.getpropertyData(FileLib.java:12)
at com.actitime.generic.FileLib.getpropertyData(FileLib.java:12)
at com.actitime.generic.FileLib.getpropertyData(FileLib.java:12)
at com.actitime.generic.FileLib.getpropertyData(FileLib.java:12)
at com.actitime.generic.FileLib.getpropertyData(FileLib.java:12)
at com.actitime.generic.FileLib.getpropertyData(FileLib.java:12)
at com.actitime.generic.FileLib.getpropertyData(FileLib.java:12)
at com.actitime.generic.FileLib.getpropertyData(FileLib.java:12)
at com.actitime.generic.FileLib.getpropertyData(FileLib.java:12)
at com.actitime.generic.FileLib.getpropertyData(FileLib.java:12)
at com.actitime.generic.FileLib.getpropertyData(FileLib.java:12)
at com.actitime.generic.FileLib.getpropertyData(FileLib.java:12)
at com.actitime.generic.FileLib.getpropertyData(FileLib.java:12)
at com.actitime.generic.FileLib.getpropertyData(FileLib.java:12)
at com.actitime.generic.FileLib.getpropertyData(FileLib.java:12)
at com.actitime.generic.FileLib.getpropertyData(FileLib.java:12)
at com.actitime.generic.FileLib.getpropertyData(FileLib.java:12)
at com.actitime.generic.FileLib.getpropertyData(FileLib.java:12)
at com.actitime.generic.FileLib.getpropertyData(FileLib.java:12)
at com.actitime.generic.FileLib.getpropertyData(FileLib.java:12)
at com.actitime.generic.FileLib.getpropertyData(FileLib.java:12)
at com.actitime.generic.FileLib.getpropertyData(FileLib.java:12)
at com.actitime.generic.FileLib.getpropertyData(FileLib.java:12)
at com.actitime.generic.FileLib.getpropertyData(FileLib.java:12)
at com.actitime.generic.FileLib.getpropertyData(FileLib.java:12)
at com.actitime.generic.FileLib.getpropertyData(FileLib.java:12)
at com.actitime.generic.FileLib.getpropertyData(FileLib.java:12)
at com.actitime.generic.FileLib.getpropertyData(FileLib.java:12)
at com.actitime.generic.FileLib.getpropertyData(FileLib.java:12)
at com.actitime.generic.FileLib.getpropertyData(FileLib.java:12)
at com.actitime.generic.FileLib.getpropertyData(FileLib.java:12)
at com.actitime.generic.FileLib.getpropertyData(FileLib.java:12)
at com.actitime.generic.FileLib.getpropertyData(FileLib.java:12)
at com.actitime.generic.FileLib.getpropertyData(FileLib.java:12)
at com.actitime.generic.FileLib.getpropertyData(FileLib.java:12)
at com.actitime.generic.FileLib.getpropertyData(FileLib.java:12)
at com.actitime.generic.FileLib.getpropertyData(FileLib.java:12)
at com.actitime.generic.FileLib.getpropertyData(FileLib.java:12)
at com.actitime.generic.FileLib.getpropertyData(FileLib.java:12)
at com.actitime.generic.FileLib.getpropertyData(FileLib.java:12)
at com.actitime.generic.FileLib.getpropertyData(FileLib.java:12)
at com.actitime.generic.FileLib.getpropertyData(FileLib.java:12)
at com.actitime.generic.FileLib.getpropertyData(FileLib.java:12)
at com.actitime.generic.FileLib.getpropertyData(FileLib.java:12)
at com.actitime.generic.FileLib.getpropertyData(FileLib.java:12)
at com.actitime.generic.FileLib.getpropertyData(FileLib.java:12)
at com.actitime.generic.FileLib.getpropertyData(FileLib.java:12)
at com.actitime.generic.FileLib.getpropertyData(FileLib.java:12)
at com.actitime.generic.FileLib.getpropertyData(FileLib.java:12)
at com.actitime.generic.FileLib.getpropertyData(FileLib.java:12)
at com.actitime.generic.FileLib.getpropertyData(FileLib.java:12)
at com.actitime.generic.FileLib.getpropertyData(FileLib.java:12)
at com.actitime.generic.FileLib.getpropertyData(FileLib.java:12)
at com.actitime.generic.FileLib.getpropertyData(FileLib.java:12)
at com.actitime.generic.FileLib.getpropertyData(FileLib.java:12)
at com.actitime.generic.FileLib.getpropertyData(FileLib.java:12)
at com.actitime.generic.FileLib.getpropertyData(FileLib.java:12)
at com.actitime.generic.FileLib.getpropertyData(FileLib.java:12)
at com.actitime.generic.FileLib.getpropertyData(FileLib.java:12)
at com.actitime.generic.FileLib.getpropertyData(FileLib.java:12)
at com.actitime.generic.FileLib.getpropertyData(FileLib.java:12)
at com.actitime.generic.FileLib.getpropertyData(FileLib.java:12)
at com.actitime.generic.FileLib.getpropertyData(FileLib.java:12)
at com.actitime.generic.FileLib.getpropertyData(FileLib.java:12)
at com.actitime.generic.FileLib.getpropertyData(FileLib.java:12)
at com.actitime.generic.FileLib.getpropertyData(FileLib.java:12)
at com.actitime.generic.FileLib.getpropertyData(FileLib.java:12)
at com.actitime.generic.FileLib.getpropertyData(FileLib.java:12)
at com.actitime.generic.FileLib.getpropertyData(FileLib.java:12)
at com.actitime.generic.FileLib.getpropertyData(FileLib.java:12)
at com.actitime.generic.FileLib.getpropertyData(FileLib.java:12)
at com.actitime.generic.FileLib.getpropertyData(FileLib.java:12)
at com.actitime.generic.FileLib.getpropertyData(FileLib.java:12)
at com.actitime.generic.FileLib.getpropertyData(FileLib.java:12)
at com.actitime.generic.FileLib.getpropertyData(FileLib.java:12)
at com.actitime.generic.FileLib.getpropertyData(FileLib.java:12)
at com.actitime.generic.FileLib.getpropertyData(FileLib.java:12)
at com.actitime.generic.FileLib.getpropertyData(FileLib.java:12)
at com.actitime.generic.FileLib.getpropertyData(FileLib.java:12)
at com.actitime.generic.FileLib.getpropertyData(FileLib.java:12)
at com.actitime.generic.FileLib.getpropertyData(FileLib.java:12)
at com.actitime.generic.FileLib.getpropertyData(FileLib.java:12)
at com.actitime.generic.FileLib.getpropertyData(FileLib.java:12)
at com.actitime.generic.FileLib.getpropertyData(FileLib.java:12)
at com.actitime.generic.FileLib.getpropertyData(FileLib.java:12)
at com.actitime.generic.FileLib.getpropertyData(FileLib.java:12)
at com.actitime.generic.FileLib.getpropertyData(FileLib.java:12)
at com.actitime.generic.FileLib.getpropertyData(FileLib.java:12)
at com.actitime.generic.FileLib.getpropertyData(FileLib.java:12)
at com.actitime.generic.FileLib.getpropertyData(FileLib.java:12)
at com.actitime.generic.FileLib.getpropertyData(FileLib.java:12)
at com.actitime.generic.FileLib.getpropertyData(FileLib.java:12)
at com.actitime.generic.FileLib.getpropertyData(FileLib.java:12)
at com.actitime.generic.FileLib.getpropertyData(FileLib.java:12)
at com.actitime.generic.FileLib.getpropertyData(FileLib.java:12)
at com.actitime.generic.FileLib.getpropertyData(FileLib.java:12)
at com.actitime.generic.FileLib.getpropertyData(FileLib.java:12)
at com.actitime.generic.FileLib.getpropertyData(FileLib.java:12)
at com.actitime.generic.FileLib.getpropertyData(FileLib.java:12)
at com.actitime.generic.FileLib.getpropertyData(FileLib.java:12)
at com.actitime.generic.FileLib.getpropertyData(FileLib.java:12)
at com.actitime.generic.FileLib.getpropertyData(FileLib.java:12)
at com.actitime.generic.FileLib.getpropertyData(FileLib.java:12)
at com.actitime.generic.FileLib.getpropertyData(FileLib.java:12)
at com.actitime.generic.FileLib.getpropertyData(FileLib.java:12)
at com.actitime.generic.FileLib.getpropertyData(FileLib.java:12)
at com.actitime.generic.FileLib.getpropertyData(FileLib.java:12)
at com.actitime.generic.FileLib.getpropertyData(FileLib.java:12)
at com.actitime.generic.FileLib.getpropertyData(FileLib.java:12)
at com.actitime.generic.FileLib.getpropertyData(FileLib.java:12)
at com.actitime.generic.FileLib.getpropertyData(FileLib.java:12)
at com.actitime.generic.FileLib.getpropertyData(FileLib.java:12)
at com.actitime.generic.FileLib.getpropertyData(FileLib.java:12)
at com.actitime.generic.FileLib.getpropertyData(FileLib.java:12)
at com.actitime.generic.FileLib.getpropertyData(FileLib.java:12)
at com.actitime.generic.FileLib.getpropertyData(FileLib.java:12)
at com.actitime.generic.FileLib.getpropertyData(FileLib.java:12)
at com.actitime.generic.FileLib.getpropertyData(FileLib.java:12)
at com.actitime.generic.FileLib.getpropertyData(FileLib.java:12)
at com.actitime.generic.FileLib.getpropertyData(FileLib.java:12)
at com.actitime.generic.FileLib.getpropertyData(FileLib.java:12)
at com.actitime.generic.FileLib.getpropertyData(FileLib.java:12)
at com.actitime.generic.FileLib.getpropertyData(FileLib.java:12)
at com.actitime.generic.FileLib.getpropertyData(FileLib.java:12)
at com.actitime.generic.FileLib.getpropertyData(FileLib.java:12)
at com.actitime.generic.FileLib.getpropertyData(FileLib.java:12)
at com.actitime.generic.FileLib.getpropertyData(FileLib.java:12)
at com.actitime.generic.FileLib.getpropertyData(FileLib.java:12)
at com.actitime.generic.FileLib.getpropertyData(FileLib.java:12)
at com.actitime.generic.FileLib.getpropertyData(FileLib.java:12)
at com.actitime.generic.FileLib.getpropertyData(FileLib.java:12)
at com.actitime.generic.FileLib.getpropertyData(FileLib.java:12)
at com.actitime.generic.FileLib.getpropertyData(FileLib.java:12)
at com.actitime.generic.FileLib.getpropertyData(FileLib.java:12)
at com.actitime.generic.FileLib.getpropertyData(FileLib.java:12)
at com.actitime.generic.FileLib.getpropertyData(FileLib.java:12)
at com.actitime.generic.FileLib.getpropertyData(FileLib.java:12)
at com.actitime.generic.FileLib.getpropertyData(FileLib.java:12)
at com.actitime.generic.FileLib.getpropertyData(FileLib.java:12)
at com.actitime.generic.FileLib.getpropertyData(FileLib.java:12)
at com.actitime.generic.FileLib.getpropertyData(FileLib.java:12)
at com.actitime.generic.FileLib.getpropertyData(FileLib.java:12)
]]>
    </failure>
  </testcase> <!-- @BeforeMethod Login -->
  <testcase classname="com.actitime.generic.BaseClass" name="@AfterMethod Logout" time="-1.680777906529E9">
    <skipped/>
  </testcase> <!-- @AfterMethod Logout -->
  <testcase classname="com.actitime.testscript.TaskModule" name="testTaskModule" time="0.0">
    <skipped/>
  </testcase> <!-- testTaskModule -->
</testsuite> <!-- Default test -->
